#
# There is insufficient memory for the Java Runtime Environment to continue.
# Native memory allocation (mmap) failed to map 2097152 bytes for G1 virtual space
# Possible reasons:
#   The system is out of physical RAM or swap space
#   The process is running with CompressedOops enabled, and the Java Heap may be blocking the growth of the native heap
# Possible solutions:
#   Reduce memory load on the system
#   Increase physical memory or swap space
#   Check if swap backing store is full
#   Decrease Java heap size (-Xmx/-Xms)
#   Decrease number of Java threads
#   Decrease Java thread stack sizes (-Xss)
#   Set larger code cache with -XX:ReservedCodeCacheSize=
#   JVM is running with Unscaled Compressed Oops mode in which the Java heap is
#     placed in the first 4GB address space. The Java Heap base address is the
#     maximum limit for the native heap growth. Please use -XX:HeapBaseMinAddress
#     to set the Java Heap base and to place the Java Heap above 4GB virtual address.
# This output file may be truncated or incomplete.
#
#  Out of Memory Error (os_windows.cpp:3769), pid=10228, tid=10148
#
# JRE version: OpenJDK Runtime Environment (17.0.6) (build 17.0.6+0-b2043.56-9586694)
# Java VM: OpenJDK 64-Bit Server VM (17.0.6+0-b2043.56-9586694, mixed mode, tiered, compressed oops, compressed class ptrs, g1 gc, windows-amd64)
# No core dump will be written. Minidumps are not enabled by default on client versions of Windows
#

---------------  S U M M A R Y ------------

Command Line: --add-opens=java.base/java.util=ALL-UNNAMED --add-opens=java.base/java.lang=ALL-UNNAMED --add-opens=java.base/java.lang.invoke=ALL-UNNAMED --add-opens=java.base/java.util=ALL-UNNAMED --add-opens=java.prefs/java.util.prefs=ALL-UNNAMED --add-opens=java.prefs/java.util.prefs=ALL-UNNAMED --add-opens=java.base/java.nio.charset=ALL-UNNAMED --add-opens=java.base/java.net=ALL-UNNAMED --add-opens=java.base/java.util.concurrent.atomic=ALL-UNNAMED -Xmx2048m -Dfile.encoding=UTF-8 -Duser.country=ID -Duser.language=en -Duser.variant org.gradle.launcher.daemon.bootstrap.GradleDaemon 7.5

Host: Intel(R) Core(TM) i5-9300H CPU @ 2.40GHz, 8 cores, 15G,  Windows 10 , 64 bit Build 21996 (10.0.21996.1)
Time: Mon Oct  2 15:32:24 2023 SE Asia Standard Time elapsed time: 5.148502 seconds (0d 0h 0m 5s)

---------------  T H R E A D  ---------------

Current thread (0x000001797242c940):  VMThread "VM Thread" [stack: 0x0000005e1a600000,0x0000005e1a700000] [id=10148]

Stack: [0x0000005e1a600000,0x0000005e1a700000]
Native frames: (J=compiled Java code, j=interpreted, Vv=VM code, C=native code)
V  [jvm.dll+0x683b4a]
V  [jvm.dll+0x842654]
V  [jvm.dll+0x843dfe]
V  [jvm.dll+0x844463]
V  [jvm.dll+0x249b75]
V  [jvm.dll+0x680a19]
V  [jvm.dll+0x674f0a]
V  [jvm.dll+0x309acb]
V  [jvm.dll+0x310f86]
V  [jvm.dll+0x3608ee]
V  [jvm.dll+0x360b1f]
V  [jvm.dll+0x2dfbf8]
V  [jvm.dll+0x2e2ce6]
V  [jvm.dll+0x2ed478]
V  [jvm.dll+0x322150]
V  [jvm.dll+0x84893b]
V  [jvm.dll+0x849674]
V  [jvm.dll+0x849b8d]
V  [jvm.dll+0x849f64]
V  [jvm.dll+0x84a030]
V  [jvm.dll+0x7f25fa]
V  [jvm.dll+0x682985]
C  [ucrtbase.dll+0x26c0c]
C  [KERNEL32.DLL+0x154e0]
C  [ntdll.dll+0x485b]

VM_Operation (0x0000005e1a2ff960): G1Concurrent, mode: safepoint, requested by thread 0x0000017957acd520


---------------  P R O C E S S  ---------------

Threads class SMR info:
_java_thread_list=0x000001797787f490, length=124, elements={
0x0000017957a5e510, 0x000001797244e250, 0x000001797244fce0, 0x0000017972439be0,
0x000001797243a460, 0x0000017972489020, 0x00000179724894f0, 0x000001797248dea0,
0x0000017972499a60, 0x00000179724aaf60, 0x0000017972601660, 0x000001797262d0b0,
0x00000179727998f0, 0x00000179754e3ea0, 0x000001797567fdc0, 0x0000017975107260,
0x00000179750ce6d0, 0x0000017974cc63a0, 0x0000017972a39bf0, 0x0000017972a38d80,
0x0000017972a39720, 0x0000017972a37f10, 0x0000017972a3a0c0, 0x0000017972a3af30,
0x0000017972a37570, 0x0000017972a383e0, 0x0000017972a3a590, 0x0000017972a37a40,
0x0000017972a388b0, 0x0000017972a3aa60, 0x00000179751c73c0, 0x00000179751c9570,
0x00000179751c6ef0, 0x00000179751c9f10, 0x00000179751c9a40, 0x00000179751c8230,
0x00000179751c8700, 0x00000179751c8bd0, 0x00000179751c90a0, 0x0000017976750430,
0x000001797674d8e0, 0x000001797674cf40, 0x0000017976750900, 0x0000017976750dd0,
0x000001797674b260, 0x000001797674b730, 0x000001797674ddb0, 0x00000179767512a0,
0x000001797674ec20, 0x0000017976751c40, 0x000001797674ad90, 0x0000017976751770,
0x000001797674c0d0, 0x000001797674e280, 0x000001797674e750, 0x000001797674fa90,
0x000001797674f5c0, 0x000001797674f0f0, 0x0000017976752110, 0x00000179767525e0,
0x000001797674c5a0, 0x000001797674ca70, 0x000001797674d410, 0x0000017975ffb060,
0x0000017975ffa1f0, 0x0000017975ffba00, 0x0000017975ff8eb0, 0x0000017975ffab90,
0x0000017975ffc3a0, 0x0000017975fff3c0, 0x0000017975ffa6c0, 0x0000017975ffe080,
0x0000017975fff890, 0x0000017975ffb530, 0x0000017975ff9380, 0x0000017975ffc870,
0x0000017975ffcd40, 0x0000017975fffd60, 0x0000017975ffd210, 0x0000017975ffd6e0,
0x0000017975ffbed0, 0x0000017975ffdbb0, 0x0000017976000230, 0x0000017975ffe550,
0x0000017975ffea20, 0x0000017975ffeef0, 0x0000017976000700, 0x0000017975ff9850,
0x0000017975ff9d20, 0x000001797851ff70, 0x000001797851c5b0, 0x0000017978520de0,
0x000001797851ada0, 0x00000179785212b0, 0x000001797851b740, 0x0000017978521780,
0x000001797851ec30, 0x000001797851a8d0, 0x0000017978520440, 0x000001797851b270,
0x0000017978521c50, 0x000001797851bc10, 0x000001797851f5d0, 0x000001797851e290,
0x000001797851c0e0, 0x000001797851a400, 0x000001797851ca80, 0x000001797851cf50,
0x000001797851d420, 0x000001797851faa0, 0x000001797851d8f0, 0x000001797851ddc0,
0x000001797851e760, 0x000001797851f100, 0x0000017978520910, 0x00000179786f4bf0,
0x00000179786f33e0, 0x00000179786f80e0, 0x00000179786f2a40, 0x00000179786f5590,
0x00000179786f85b0, 0x00000179786f1700, 0x00000179786f68d0, 0x00000179786f20a0
}

Java Threads: ( => current thread )
  0x0000017957a5e510 JavaThread "main" [_thread_blocked, id=6760, stack(0x0000005e1a000000,0x0000005e1a100000)]
  0x000001797244e250 JavaThread "Reference Handler" daemon [_thread_blocked, id=2028, stack(0x0000005e1a700000,0x0000005e1a800000)]
  0x000001797244fce0 JavaThread "Finalizer" daemon [_thread_blocked, id=3308, stack(0x0000005e1a800000,0x0000005e1a900000)]
  0x0000017972439be0 JavaThread "Signal Dispatcher" daemon [_thread_blocked, id=4376, stack(0x0000005e1a900000,0x0000005e1aa00000)]
  0x000001797243a460 JavaThread "Attach Listener" daemon [_thread_blocked, id=8548, stack(0x0000005e1aa00000,0x0000005e1ab00000)]
  0x0000017972489020 JavaThread "Service Thread" daemon [_thread_blocked, id=2872, stack(0x0000005e1ab00000,0x0000005e1ac00000)]
  0x00000179724894f0 JavaThread "Monitor Deflation Thread" daemon [_thread_blocked, id=3132, stack(0x0000005e1ac00000,0x0000005e1ad00000)]
  0x000001797248dea0 JavaThread "C2 CompilerThread0" daemon [_thread_blocked, id=15028, stack(0x0000005e1ad00000,0x0000005e1ae00000)]
  0x0000017972499a60 JavaThread "C1 CompilerThread0" daemon [_thread_blocked, id=8428, stack(0x0000005e1ae00000,0x0000005e1af00000)]
  0x00000179724aaf60 JavaThread "Sweeper thread" daemon [_thread_blocked, id=10864, stack(0x0000005e1af00000,0x0000005e1b000000)]
  0x0000017972601660 JavaThread "Common-Cleaner" daemon [_thread_blocked, id=12896, stack(0x0000005e1b000000,0x0000005e1b100000)]
  0x000001797262d0b0 JavaThread "Notification Thread" daemon [_thread_blocked, id=5768, stack(0x0000005e1b100000,0x0000005e1b200000)]
  0x00000179727998f0 JavaThread "C2 CompilerThread1" daemon [_thread_blocked, id=11696, stack(0x0000005e1b300000,0x0000005e1b400000)]
  0x00000179754e3ea0 JavaThread "Daemon health stats" [_thread_blocked, id=11556, stack(0x0000005e1ba00000,0x0000005e1bb00000)]
  0x000001797567fdc0 JavaThread "Incoming local TCP Connector on port 64517" [_thread_in_native, id=12800, stack(0x0000005e1bb00000,0x0000005e1bc00000)]
  0x0000017975107260 JavaThread "Daemon periodic checks" [_thread_blocked, id=2876, stack(0x0000005e1bc00000,0x0000005e1bd00000)]
  0x00000179750ce6d0 JavaThread "Daemon" [_thread_blocked, id=6168, stack(0x0000005e1bd00000,0x0000005e1be00000)]
  0x0000017974cc63a0 JavaThread "Handler for socket connection from /127.0.0.1:64517 to /127.0.0.1:64518" [_thread_in_native, id=12964, stack(0x0000005e1be00000,0x0000005e1bf00000)]
  0x0000017972a39bf0 JavaThread "Cancel handler" [_thread_blocked, id=9364, stack(0x0000005e1bf00000,0x0000005e1c000000)]
  0x0000017972a38d80 JavaThread "Daemon worker" [_thread_blocked, id=2284, stack(0x0000005e1c000000,0x0000005e1c100000)]
  0x0000017972a39720 JavaThread "Asynchronous log dispatcher for DefaultDaemonConnection: socket connection from /127.0.0.1:64517 to /127.0.0.1:64518" [_thread_blocked, id=13496, stack(0x0000005e1c100000,0x0000005e1c200000)]
  0x0000017972a37f10 JavaThread "Stdin handler" [_thread_blocked, id=14572, stack(0x0000005e1c200000,0x0000005e1c300000)]
  0x0000017972a3a0c0 JavaThread "Daemon client event forwarder" [_thread_blocked, id=11444, stack(0x0000005e1c300000,0x0000005e1c400000)]
  0x0000017972a3af30 JavaThread "Cache worker for journal cache (C:\Users\Asus\.gradle\caches\journal-1)" [_thread_blocked, id=3172, stack(0x0000005e1c400000,0x0000005e1c500000)]
  0x0000017972a37570 JavaThread "File lock request listener" [_thread_in_native, id=9936, stack(0x0000005e1c500000,0x0000005e1c600000)]
  0x0000017972a383e0 JavaThread "Cache worker for file hash cache (C:\Users\Asus\.gradle\caches\7.5\fileHashes)" [_thread_blocked, id=9296, stack(0x0000005e1c900000,0x0000005e1ca00000)]
  0x0000017972a3a590 JavaThread "File watcher server" daemon [_thread_in_native, id=6680, stack(0x0000005e1ca00000,0x0000005e1cb00000)]
  0x0000017972a37a40 JavaThread "File watcher consumer" daemon [_thread_blocked, id=7432, stack(0x0000005e1cb00000,0x0000005e1cc00000)]
  0x0000017972a388b0 JavaThread "Cache worker for checksums cache (C:\Users\Asus\StudioProjects\PersonalSafetyGuard\.gradle\7.5\checksums)" [_thread_blocked, id=14772, stack(0x0000005e1cc00000,0x0000005e1cd00000)]
  0x0000017972a3aa60 JavaThread "Cache worker for cache directory md-rule (C:\Users\Asus\.gradle\caches\7.5\md-rule)" [_thread_blocked, id=4928, stack(0x0000005e1cd00000,0x0000005e1ce00000)]
  0x00000179751c73c0 JavaThread "Cache worker for file content cache (C:\Users\Asus\.gradle\caches\7.5\fileContent)" [_thread_blocked, id=5928, stack(0x0000005e1ce00000,0x0000005e1cf00000)]
  0x00000179751c9570 JavaThread "Cache worker for file hash cache (C:\Users\Asus\StudioProjects\PersonalSafetyGuard\.gradle\7.5\fileHashes)" [_thread_blocked, id=3924, stack(0x0000005e1cf00000,0x0000005e1d000000)]
  0x00000179751c6ef0 JavaThread "Cache worker for cache directory md-supplier (C:\Users\Asus\.gradle\caches\7.5\md-supplier)" [_thread_blocked, id=12012, stack(0x0000005e1d000000,0x0000005e1d100000)]
  0x00000179751c9f10 JavaThread "Cache worker for execution history cache (C:\Users\Asus\.gradle\caches\7.5\executionHistory)" [_thread_blocked, id=11524, stack(0x0000005e1d100000,0x0000005e1d200000)]
  0x00000179751c9a40 JavaThread "jar transforms" [_thread_blocked, id=7456, stack(0x0000005e1d200000,0x0000005e1d300000)]
  0x00000179751c8230 JavaThread "jar transforms Thread 2" [_thread_blocked, id=7588, stack(0x0000005e1d300000,0x0000005e1d400000)]
  0x00000179751c8700 JavaThread "jar transforms Thread 3" [_thread_blocked, id=10660, stack(0x0000005e1d500000,0x0000005e1d600000)]
  0x00000179751c8bd0 JavaThread "jar transforms Thread 4" [_thread_blocked, id=11200, stack(0x0000005e1d600000,0x0000005e1d700000)]
  0x00000179751c90a0 JavaThread "Cache worker for dependencies-accessors (C:\Users\Asus\StudioProjects\PersonalSafetyGuard\.gradle\7.5\dependencies-accessors)" [_thread_blocked, id=11164, stack(0x0000005e1d700000,0x0000005e1d800000)]
  0x0000017976750430 JavaThread "jar transforms Thread 5" [_thread_blocked, id=7044, stack(0x0000005e1d800000,0x0000005e1d900000)]
  0x000001797674d8e0 JavaThread "Cache worker for Build Output Cleanup Cache (C:\Users\Asus\StudioProjects\PersonalSafetyGuard\.gradle\buildOutputCleanup)" [_thread_blocked, id=12420, stack(0x0000005e1d900000,0x0000005e1da00000)]
  0x000001797674cf40 JavaThread "Unconstrained build operations" [_thread_blocked, id=11172, stack(0x0000005e1da00000,0x0000005e1db00000)]
  0x0000017976750900 JavaThread "Unconstrained build operations Thread 2" [_thread_blocked, id=15088, stack(0x0000005e1db00000,0x0000005e1dc00000)]
  0x0000017976750dd0 JavaThread "Unconstrained build operations Thread 3" [_thread_blocked, id=6016, stack(0x0000005e1dc00000,0x0000005e1dd00000)]
  0x000001797674b260 JavaThread "Unconstrained build operations Thread 4" [_thread_blocked, id=3324, stack(0x0000005e1dd00000,0x0000005e1de00000)]
  0x000001797674b730 JavaThread "Unconstrained build operations Thread 5" [_thread_blocked, id=3128, stack(0x0000005e1de00000,0x0000005e1df00000)]
  0x000001797674ddb0 JavaThread "Unconstrained build operations Thread 6" [_thread_blocked, id=3288, stack(0x0000005e1df00000,0x0000005e1e000000)]
  0x00000179767512a0 JavaThread "Unconstrained build operations Thread 7" [_thread_blocked, id=9268, stack(0x0000005e1e000000,0x0000005e1e100000)]
  0x000001797674ec20 JavaThread "Unconstrained build operations Thread 8" [_thread_blocked, id=4252, stack(0x0000005e1e100000,0x0000005e1e200000)]
  0x0000017976751c40 JavaThread "Unconstrained build operations Thread 9" [_thread_blocked, id=4992, stack(0x0000005e1e200000,0x0000005e1e300000)]
  0x000001797674ad90 JavaThread "Unconstrained build operations Thread 10" [_thread_blocked, id=1092, stack(0x0000005e1e300000,0x0000005e1e400000)]
  0x0000017976751770 JavaThread "Unconstrained build operations Thread 11" [_thread_blocked, id=13524, stack(0x0000005e1e400000,0x0000005e1e500000)]
  0x000001797674c0d0 JavaThread "Unconstrained build operations Thread 12" [_thread_blocked, id=13520, stack(0x0000005e1e500000,0x0000005e1e600000)]
  0x000001797674e280 JavaThread "Unconstrained build operations Thread 13" [_thread_blocked, id=6352, stack(0x0000005e1e600000,0x0000005e1e700000)]
  0x000001797674e750 JavaThread "Unconstrained build operations Thread 14" [_thread_blocked, id=1220, stack(0x0000005e1e700000,0x0000005e1e800000)]
  0x000001797674fa90 JavaThread "Unconstrained build operations Thread 15" [_thread_blocked, id=3104, stack(0x0000005e1e800000,0x0000005e1e900000)]
  0x000001797674f5c0 JavaThread "Unconstrained build operations Thread 16" [_thread_blocked, id=10648, stack(0x0000005e1e900000,0x0000005e1ea00000)]
  0x000001797674f0f0 JavaThread "Unconstrained build operations Thread 17" [_thread_blocked, id=15008, stack(0x0000005e1ea00000,0x0000005e1eb00000)]
  0x0000017976752110 JavaThread "Unconstrained build operations Thread 18" [_thread_blocked, id=2688, stack(0x0000005e1eb00000,0x0000005e1ec00000)]
  0x00000179767525e0 JavaThread "Unconstrained build operations Thread 19" [_thread_blocked, id=1764, stack(0x0000005e1ec00000,0x0000005e1ed00000)]
  0x000001797674c5a0 JavaThread "Unconstrained build operations Thread 20" [_thread_blocked, id=6040, stack(0x0000005e1ed00000,0x0000005e1ee00000)]
  0x000001797674ca70 JavaThread "Unconstrained build operations Thread 21" [_thread_blocked, id=12252, stack(0x0000005e1ee00000,0x0000005e1ef00000)]
  0x000001797674d410 JavaThread "Unconstrained build operations Thread 22" [_thread_blocked, id=4076, stack(0x0000005e1ef00000,0x0000005e1f000000)]
  0x0000017975ffb060 JavaThread "Unconstrained build operations Thread 23" [_thread_blocked, id=6636, stack(0x0000005e1f000000,0x0000005e1f100000)]
  0x0000017975ffa1f0 JavaThread "Unconstrained build operations Thread 24" [_thread_blocked, id=7728, stack(0x0000005e1f100000,0x0000005e1f200000)]
  0x0000017975ffba00 JavaThread "Unconstrained build operations Thread 25" [_thread_blocked, id=12808, stack(0x0000005e1f200000,0x0000005e1f300000)]
  0x0000017975ff8eb0 JavaThread "Unconstrained build operations Thread 26" [_thread_blocked, id=1672, stack(0x0000005e1f300000,0x0000005e1f400000)]
  0x0000017975ffab90 JavaThread "Unconstrained build operations Thread 27" [_thread_blocked, id=11628, stack(0x0000005e1f400000,0x0000005e1f500000)]
  0x0000017975ffc3a0 JavaThread "Unconstrained build operations Thread 28" [_thread_blocked, id=9940, stack(0x0000005e1f500000,0x0000005e1f600000)]
  0x0000017975fff3c0 JavaThread "Unconstrained build operations Thread 29" [_thread_blocked, id=11960, stack(0x0000005e1f600000,0x0000005e1f700000)]
  0x0000017975ffa6c0 JavaThread "Unconstrained build operations Thread 30" [_thread_blocked, id=9932, stack(0x0000005e1f700000,0x0000005e1f800000)]
  0x0000017975ffe080 JavaThread "Unconstrained build operations Thread 31" [_thread_blocked, id=9552, stack(0x0000005e1f800000,0x0000005e1f900000)]
  0x0000017975fff890 JavaThread "Unconstrained build operations Thread 32" [_thread_blocked, id=12904, stack(0x0000005e1f900000,0x0000005e1fa00000)]
  0x0000017975ffb530 JavaThread "Unconstrained build operations Thread 33" [_thread_blocked, id=8552, stack(0x0000005e1fa00000,0x0000005e1fb00000)]
  0x0000017975ff9380 JavaThread "Unconstrained build operations Thread 34" [_thread_blocked, id=6616, stack(0x0000005e1fb00000,0x0000005e1fc00000)]
  0x0000017975ffc870 JavaThread "Unconstrained build operations Thread 35" [_thread_blocked, id=11880, stack(0x0000005e1fc00000,0x0000005e1fd00000)]
  0x0000017975ffcd40 JavaThread "Unconstrained build operations Thread 36" [_thread_blocked, id=2832, stack(0x0000005e1fd00000,0x0000005e1fe00000)]
  0x0000017975fffd60 JavaThread "Unconstrained build operations Thread 37" [_thread_blocked, id=12812, stack(0x0000005e1fe00000,0x0000005e1ff00000)]
  0x0000017975ffd210 JavaThread "Unconstrained build operations Thread 38" [_thread_blocked, id=4148, stack(0x0000005e1ff00000,0x0000005e20000000)]
  0x0000017975ffd6e0 JavaThread "Unconstrained build operations Thread 39" [_thread_blocked, id=13024, stack(0x0000005e20000000,0x0000005e20100000)]
  0x0000017975ffbed0 JavaThread "Unconstrained build operations Thread 40" [_thread_blocked, id=664, stack(0x0000005e20100000,0x0000005e20200000)]
  0x0000017975ffdbb0 JavaThread "Unconstrained build operations Thread 41" [_thread_blocked, id=5936, stack(0x0000005e20200000,0x0000005e20300000)]
  0x0000017976000230 JavaThread "Unconstrained build operations Thread 42" [_thread_blocked, id=12860, stack(0x0000005e20300000,0x0000005e20400000)]
  0x0000017975ffe550 JavaThread "Unconstrained build operations Thread 43" [_thread_blocked, id=10288, stack(0x0000005e20400000,0x0000005e20500000)]
  0x0000017975ffea20 JavaThread "Unconstrained build operations Thread 44" [_thread_blocked, id=11340, stack(0x0000005e20500000,0x0000005e20600000)]
  0x0000017975ffeef0 JavaThread "Unconstrained build operations Thread 45" [_thread_blocked, id=6432, stack(0x0000005e20600000,0x0000005e20700000)]
  0x0000017976000700 JavaThread "Unconstrained build operations Thread 46" [_thread_blocked, id=5348, stack(0x0000005e20700000,0x0000005e20800000)]
  0x0000017975ff9850 JavaThread "Unconstrained build operations Thread 47" [_thread_blocked, id=8876, stack(0x0000005e20800000,0x0000005e20900000)]
  0x0000017975ff9d20 JavaThread "Unconstrained build operations Thread 48" [_thread_blocked, id=11300, stack(0x0000005e20900000,0x0000005e20a00000)]
  0x000001797851ff70 JavaThread "Unconstrained build operations Thread 49" [_thread_blocked, id=12488, stack(0x0000005e20a00000,0x0000005e20b00000)]
  0x000001797851c5b0 JavaThread "Unconstrained build operations Thread 50" [_thread_blocked, id=1968, stack(0x0000005e20b00000,0x0000005e20c00000)]
  0x0000017978520de0 JavaThread "Unconstrained build operations Thread 51" [_thread_blocked, id=10440, stack(0x0000005e20c00000,0x0000005e20d00000)]
  0x000001797851ada0 JavaThread "Unconstrained build operations Thread 52" [_thread_blocked, id=11908, stack(0x0000005e20d00000,0x0000005e20e00000)]
  0x00000179785212b0 JavaThread "Unconstrained build operations Thread 53" [_thread_blocked, id=6388, stack(0x0000005e20e00000,0x0000005e20f00000)]
  0x000001797851b740 JavaThread "Unconstrained build operations Thread 54" [_thread_blocked, id=2444, stack(0x0000005e20f00000,0x0000005e21000000)]
  0x0000017978521780 JavaThread "Unconstrained build operations Thread 55" [_thread_blocked, id=1032, stack(0x0000005e21000000,0x0000005e21100000)]
  0x000001797851ec30 JavaThread "Unconstrained build operations Thread 56" [_thread_blocked, id=11180, stack(0x0000005e21100000,0x0000005e21200000)]
  0x000001797851a8d0 JavaThread "Unconstrained build operations Thread 57" [_thread_blocked, id=8024, stack(0x0000005e21200000,0x0000005e21300000)]
  0x0000017978520440 JavaThread "Unconstrained build operations Thread 58" [_thread_blocked, id=5084, stack(0x0000005e21300000,0x0000005e21400000)]
  0x000001797851b270 JavaThread "Unconstrained build operations Thread 59" [_thread_blocked, id=9812, stack(0x0000005e21400000,0x0000005e21500000)]
  0x0000017978521c50 JavaThread "Unconstrained build operations Thread 60" [_thread_blocked, id=2564, stack(0x0000005e21500000,0x0000005e21600000)]
  0x000001797851bc10 JavaThread "Unconstrained build operations Thread 61" [_thread_blocked, id=10232, stack(0x0000005e21600000,0x0000005e21700000)]
  0x000001797851f5d0 JavaThread "Unconstrained build operations Thread 62" [_thread_blocked, id=12868, stack(0x0000005e21700000,0x0000005e21800000)]
  0x000001797851e290 JavaThread "Unconstrained build operations Thread 63" [_thread_blocked, id=10216, stack(0x0000005e21800000,0x0000005e21900000)]
  0x000001797851c0e0 JavaThread "Unconstrained build operations Thread 64" [_thread_blocked, id=4164, stack(0x0000005e21900000,0x0000005e21a00000)]
  0x000001797851a400 JavaThread "Unconstrained build operations Thread 65" [_thread_blocked, id=5352, stack(0x0000005e21a00000,0x0000005e21b00000)]
  0x000001797851ca80 JavaThread "Unconstrained build operations Thread 66" [_thread_blocked, id=13196, stack(0x0000005e21b00000,0x0000005e21c00000)]
  0x000001797851cf50 JavaThread "Unconstrained build operations Thread 67" [_thread_blocked, id=4352, stack(0x0000005e21c00000,0x0000005e21d00000)]
  0x000001797851d420 JavaThread "Unconstrained build operations Thread 68" [_thread_blocked, id=11364, stack(0x0000005e21d00000,0x0000005e21e00000)]
  0x000001797851faa0 JavaThread "Unconstrained build operations Thread 69" [_thread_blocked, id=4308, stack(0x0000005e21e00000,0x0000005e21f00000)]
  0x000001797851d8f0 JavaThread "Unconstrained build operations Thread 70" [_thread_blocked, id=15332, stack(0x0000005e21f00000,0x0000005e22000000)]
  0x000001797851ddc0 JavaThread "Unconstrained build operations Thread 71" [_thread_blocked, id=964, stack(0x0000005e22000000,0x0000005e22100000)]
  0x000001797851e760 JavaThread "Unconstrained build operations Thread 72" [_thread_blocked, id=15000, stack(0x0000005e22100000,0x0000005e22200000)]
  0x000001797851f100 JavaThread "Unconstrained build operations Thread 73" [_thread_blocked, id=7092, stack(0x0000005e22200000,0x0000005e22300000)]
  0x0000017978520910 JavaThread "Unconstrained build operations Thread 74" [_thread_blocked, id=2108, stack(0x0000005e22300000,0x0000005e22400000)]
  0x00000179786f4bf0 JavaThread "Unconstrained build operations Thread 75" [_thread_blocked, id=8460, stack(0x0000005e22400000,0x0000005e22500000)]
  0x00000179786f33e0 JavaThread "Unconstrained build operations Thread 76" [_thread_blocked, id=3176, stack(0x0000005e22500000,0x0000005e22600000)]
  0x00000179786f80e0 JavaThread "Unconstrained build operations Thread 77" [_thread_blocked, id=9276, stack(0x0000005e22600000,0x0000005e22700000)]
  0x00000179786f2a40 JavaThread "Unconstrained build operations Thread 78" [_thread_blocked, id=8628, stack(0x0000005e22700000,0x0000005e22800000)]
  0x00000179786f5590 JavaThread "Unconstrained build operations Thread 79" [_thread_blocked, id=4324, stack(0x0000005e22800000,0x0000005e22900000)]
  0x00000179786f85b0 JavaThread "Unconstrained build operations Thread 80" [_thread_blocked, id=11532, stack(0x0000005e22900000,0x0000005e22a00000)]
  0x00000179786f1700 JavaThread "jar transforms Thread 6" [_thread_blocked, id=1644, stack(0x0000005e22a00000,0x0000005e22b00000)]
  0x00000179786f68d0 JavaThread "jar transforms Thread 7" [_thread_blocked, id=11648, stack(0x0000005e22b00000,0x0000005e22c00000)]
  0x00000179786f20a0 JavaThread "jar transforms Thread 8" [_thread_blocked, id=15032, stack(0x0000005e22c00000,0x0000005e22d00000)]

Other Threads:
=>0x000001797242c940 VMThread "VM Thread" [stack: 0x0000005e1a600000,0x0000005e1a700000] [id=10148]
  0x000001797262d990 WatcherThread [stack: 0x0000005e1b200000,0x0000005e1b300000] [id=668]
  0x0000017957abc5e0 GCTaskThread "GC Thread#0" [stack: 0x0000005e1a100000,0x0000005e1a200000] [id=3364]
  0x00000179739843a0 GCTaskThread "GC Thread#1" [stack: 0x0000005e1b500000,0x0000005e1b600000] [id=1820]
  0x00000179733626c0 GCTaskThread "GC Thread#2" [stack: 0x0000005e1b600000,0x0000005e1b700000] [id=1652]
  0x0000017973b1a010 GCTaskThread "GC Thread#3" [stack: 0x0000005e1b700000,0x0000005e1b800000] [id=4092]
  0x0000017973c02ba0 GCTaskThread "GC Thread#4" [stack: 0x0000005e1b800000,0x0000005e1b900000] [id=4236]
  0x0000017973910500 GCTaskThread "GC Thread#5" [stack: 0x0000005e1b900000,0x0000005e1ba00000] [id=14548]
  0x00000179753cb4c0 GCTaskThread "GC Thread#6" [stack: 0x0000005e1c600000,0x0000005e1c700000] [id=2780]
  0x00000179753cb770 GCTaskThread "GC Thread#7" [stack: 0x0000005e1c700000,0x0000005e1c800000] [id=8160]
  0x0000017957acd520 ConcurrentGCThread "G1 Main Marker" [stack: 0x0000005e1a200000,0x0000005e1a300000] [id=2064]
  0x0000017957acdf30 ConcurrentGCThread "G1 Conc#0" [stack: 0x0000005e1a300000,0x0000005e1a400000] [id=6100]
  0x0000017974d65050 ConcurrentGCThread "G1 Conc#1" [stack: 0x0000005e1c800000,0x0000005e1c900000] [id=13724]
  0x000001797176c5b0 ConcurrentGCThread "G1 Refine#0" [stack: 0x0000005e1a400000,0x0000005e1a500000] [id=12192]
  0x0000017973711090 ConcurrentGCThread "G1 Refine#1" [stack: 0x0000005e1d400000,0x0000005e1d500000] [id=3060]
  0x000001797176ea00 ConcurrentGCThread "G1 Service" [stack: 0x0000005e1a500000,0x0000005e1a600000] [id=6264]

Threads with active compile tasks:

VM state: at safepoint (normal execution)

VM Mutex/Monitor currently owned by a thread:  ([mutex/lock_event])
[0x0000017957a5a990] Threads_lock - owner thread: 0x000001797242c940
[0x0000017957a5b3b0] Heap_lock - owner thread: 0x0000017957acd520

Heap address: 0x0000000080000000, size: 2048 MB, Compressed Oops mode: 32-bit

CDS archive(s) not mapped
Compressed class space mapped at: 0x0000000100000000-0x0000000140000000, reserved size: 1073741824
Narrow klass base: 0x0000000000000000, Narrow klass shift: 3, Narrow klass range: 0x140000000

GC Precious Log:
 CPUs: 8 total, 8 available
 Memory: 16236M
 Large Page Support: Disabled
 NUMA Support: Disabled
 Compressed Oops: Enabled (32-bit)
 Heap Region Size: 1M
 Heap Min Capacity: 8M
 Heap Initial Capacity: 254M
 Heap Max Capacity: 2G
 Pre-touch: Disabled
 Parallel Workers: 8
 Concurrent Workers: 2
 Concurrent Refinement Workers: 8
 Periodic GC: Disabled

Heap:
 garbage-first heap   total 78848K, used 46213K [0x0000000080000000, 0x0000000100000000)
  region size 1024K, 6 young (6144K), 4 survivors (4096K)
 Metaspace       used 50847K, committed 51264K, reserved 1097728K
  class space    used 6702K, committed 6912K, reserved 1048576K

Heap Regions: E=young(eden), S=young(survivor), O=old, HS=humongous(starts), HC=humongous(continues), CS=collection set, F=free, OA=open archive, CA=closed archive, TAMS=top-at-mark-start (previous, next)
|   0|0x0000000080000000, 0x0000000080100000, 0x0000000080100000|100%| O|  |TAMS 0x0000000080100000, 0x0000000080000000| Untracked 
|   1|0x0000000080100000, 0x0000000080200000, 0x0000000080200000|100%| O|  |TAMS 0x0000000080200000, 0x0000000080100000| Untracked 
|   2|0x0000000080200000, 0x0000000080300000, 0x0000000080300000|100%| O|  |TAMS 0x0000000080300000, 0x0000000080200000| Untracked 
|   3|0x0000000080300000, 0x0000000080400000, 0x0000000080400000|100%|HS|  |TAMS 0x0000000080400000, 0x0000000080300000| Complete 
|   4|0x0000000080400000, 0x0000000080500000, 0x0000000080500000|100%|HC|  |TAMS 0x0000000080500000, 0x0000000080400000| Complete 
|   5|0x0000000080500000, 0x0000000080600000, 0x0000000080600000|100%|HC|  |TAMS 0x0000000080600000, 0x0000000080500000| Complete 
|   6|0x0000000080600000, 0x0000000080700000, 0x0000000080700000|100%| O|  |TAMS 0x0000000080700000, 0x0000000080600000| Untracked 
|   7|0x0000000080700000, 0x0000000080800000, 0x0000000080800000|100%| O|  |TAMS 0x0000000080800000, 0x0000000080700000| Untracked 
|   8|0x0000000080800000, 0x0000000080900000, 0x0000000080900000|100%| O|  |TAMS 0x0000000080900000, 0x0000000080800000| Untracked 
|   9|0x0000000080900000, 0x0000000080a00000, 0x0000000080a00000|100%| O|  |TAMS 0x0000000080a00000, 0x0000000080900000| Updating 
|  10|0x0000000080a00000, 0x0000000080a67400, 0x0000000080b00000| 40%| O|  |TAMS 0x0000000080a67400, 0x0000000080a00000| Updating 
|  11|0x0000000080b00000, 0x0000000080c00000, 0x0000000080c00000|100%| O|  |TAMS 0x0000000080c00000, 0x0000000080b00000| Untracked 
|  12|0x0000000080c00000, 0x0000000080d00000, 0x0000000080d00000|100%| O|  |TAMS 0x0000000080d00000, 0x0000000080c00000| Untracked 
|  13|0x0000000080d00000, 0x0000000080e00000, 0x0000000080e00000|100%| O|  |TAMS 0x0000000080e00000, 0x0000000080d00000| Untracked 
|  14|0x0000000080e00000, 0x0000000080f00000, 0x0000000080f00000|100%| O|  |TAMS 0x0000000080f00000, 0x0000000080e00000| Untracked 
|  15|0x0000000080f00000, 0x0000000081000000, 0x0000000081000000|100%| O|  |TAMS 0x0000000081000000, 0x0000000080f00000| Untracked 
|  16|0x0000000081000000, 0x0000000081100000, 0x0000000081100000|100%| O|  |TAMS 0x0000000081100000, 0x0000000081000000| Untracked 
|  17|0x0000000081100000, 0x0000000081200000, 0x0000000081200000|100%| O|  |TAMS 0x0000000081200000, 0x0000000081100000| Untracked 
|  18|0x0000000081200000, 0x0000000081300000, 0x0000000081300000|100%| O|  |TAMS 0x0000000081300000, 0x0000000081200000| Untracked 
|  19|0x0000000081300000, 0x0000000081400000, 0x0000000081400000|100%| O|  |TAMS 0x0000000081400000, 0x0000000081300000| Updating 
|  20|0x0000000081400000, 0x0000000081500000, 0x0000000081500000|100%| O|  |TAMS 0x0000000081500000, 0x0000000081400000| Untracked 
|  21|0x0000000081500000, 0x0000000081600000, 0x0000000081600000|100%| O|  |TAMS 0x0000000081600000, 0x0000000081500000| Untracked 
|  22|0x0000000081600000, 0x0000000081700000, 0x0000000081700000|100%| O|  |TAMS 0x0000000081700000, 0x0000000081600000| Updating 
|  23|0x0000000081700000, 0x0000000081800000, 0x0000000081800000|100%| O|  |TAMS 0x0000000081800000, 0x0000000081700000| Untracked 
|  24|0x0000000081800000, 0x0000000081900000, 0x0000000081900000|100%| O|  |TAMS 0x0000000081900000, 0x0000000081800000| Untracked 
|  25|0x0000000081900000, 0x0000000081a00000, 0x0000000081a00000|100%| O|  |TAMS 0x0000000081a00000, 0x0000000081900000| Updating 
|  26|0x0000000081a00000, 0x0000000081b00000, 0x0000000081b00000|100%| O|  |TAMS 0x0000000081b00000, 0x0000000081a00000| Untracked 
|  27|0x0000000081b00000, 0x0000000081c00000, 0x0000000081c00000|100%| O|  |TAMS 0x0000000081c00000, 0x0000000081b00000| Untracked 
|  28|0x0000000081c00000, 0x0000000081d00000, 0x0000000081d00000|100%| O|  |TAMS 0x0000000081d00000, 0x0000000081c00000| Updating 
|  29|0x0000000081d00000, 0x0000000081e00000, 0x0000000081e00000|100%| O|  |TAMS 0x0000000081e00000, 0x0000000081d00000| Untracked 
|  30|0x0000000081e00000, 0x0000000081f00000, 0x0000000081f00000|100%| O|  |TAMS 0x0000000081e28200, 0x0000000081e00000| Untracked 
|  31|0x0000000081f00000, 0x0000000082000000, 0x0000000082000000|100%|HS|  |TAMS 0x0000000082000000, 0x0000000081f00000| Complete 
|  32|0x0000000082000000, 0x0000000082100000, 0x0000000082100000|100%|HS|  |TAMS 0x0000000082100000, 0x0000000082000000| Complete 
|  33|0x0000000082100000, 0x0000000082200000, 0x0000000082200000|100%|HS|  |TAMS 0x0000000082200000, 0x0000000082100000| Complete 
|  34|0x0000000082200000, 0x0000000082300000, 0x0000000082300000|100%|HC|  |TAMS 0x0000000082300000, 0x0000000082200000| Complete 
|  35|0x0000000082300000, 0x0000000082400000, 0x0000000082400000|100%| O|  |TAMS 0x0000000082300000, 0x0000000082300000| Untracked 
|  36|0x0000000082400000, 0x0000000082500000, 0x0000000082500000|100%| O|  |TAMS 0x0000000082400000, 0x0000000082400000| Untracked 
|  37|0x0000000082500000, 0x0000000082600000, 0x0000000082600000|100%| O|  |TAMS 0x0000000082500000, 0x0000000082500000| Untracked 
|  38|0x0000000082600000, 0x0000000082700000, 0x0000000082700000|100%| O|  |TAMS 0x0000000082600000, 0x0000000082600000| Untracked 
|  39|0x0000000082700000, 0x00000000827ba200, 0x0000000082800000| 72%| O|  |TAMS 0x0000000082700000, 0x0000000082700000| Updating 
|  40|0x0000000082800000, 0x0000000082900000, 0x0000000082900000|100%|HS|  |TAMS 0x0000000082800000, 0x0000000082800000| Complete 
|  41|0x0000000082900000, 0x0000000082900000, 0x0000000082a00000|  0%| F|  |TAMS 0x0000000082900000, 0x0000000082900000| Untracked 
|  42|0x0000000082a00000, 0x0000000082a00000, 0x0000000082b00000|  0%| F|  |TAMS 0x0000000082a00000, 0x0000000082a00000| Untracked 
|  43|0x0000000082b00000, 0x0000000082b00000, 0x0000000082c00000|  0%| F|  |TAMS 0x0000000082b00000, 0x0000000082b00000| Untracked 
|  44|0x0000000082c00000, 0x0000000082c00000, 0x0000000082d00000|  0%| F|  |TAMS 0x0000000082c00000, 0x0000000082c00000| Untracked 
|  45|0x0000000082d00000, 0x0000000082d00000, 0x0000000082e00000|  0%| F|  |TAMS 0x0000000082d00000, 0x0000000082d00000| Untracked 
|  46|0x0000000082e00000, 0x0000000082f00000, 0x0000000082f00000|100%| S|CS|TAMS 0x0000000082e00000, 0x0000000082e00000| Complete 
|  47|0x0000000082f00000, 0x0000000083000000, 0x0000000083000000|100%| S|CS|TAMS 0x0000000082f00000, 0x0000000082f00000| Complete 
|  48|0x0000000083000000, 0x0000000083100000, 0x0000000083100000|100%| S|CS|TAMS 0x0000000083000000, 0x0000000083000000| Complete 
|  49|0x0000000083100000, 0x0000000083100000, 0x0000000083200000|  0%| F|  |TAMS 0x0000000083100000, 0x0000000083100000| Untracked 
|  50|0x0000000083200000, 0x0000000083300000, 0x0000000083300000|100%| S|CS|TAMS 0x0000000083200000, 0x0000000083200000| Complete 
|  51|0x0000000083300000, 0x0000000083300000, 0x0000000083400000|  0%| F|  |TAMS 0x0000000083300000, 0x0000000083300000| Untracked 
|  52|0x0000000083400000, 0x0000000083400000, 0x0000000083500000|  0%| F|  |TAMS 0x0000000083400000, 0x0000000083400000| Untracked 
|  53|0x0000000083500000, 0x0000000083500000, 0x0000000083600000|  0%| F|  |TAMS 0x0000000083500000, 0x0000000083500000| Untracked 
|  54|0x0000000083600000, 0x0000000083600000, 0x0000000083700000|  0%| F|  |TAMS 0x0000000083600000, 0x0000000083600000| Untracked 
|  55|0x0000000083700000, 0x0000000083700000, 0x0000000083800000|  0%| F|  |TAMS 0x0000000083700000, 0x0000000083700000| Untracked 
|  56|0x0000000083800000, 0x0000000083800000, 0x0000000083900000|  0%| F|  |TAMS 0x0000000083800000, 0x0000000083800000| Untracked 
|  57|0x0000000083900000, 0x0000000083900000, 0x0000000083a00000|  0%| F|  |TAMS 0x0000000083900000, 0x0000000083900000| Untracked 
|  58|0x0000000083a00000, 0x0000000083a00000, 0x0000000083b00000|  0%| F|  |TAMS 0x0000000083a00000, 0x0000000083a00000| Untracked 
|  59|0x0000000083b00000, 0x0000000083b00000, 0x0000000083c00000|  0%| F|  |TAMS 0x0000000083b00000, 0x0000000083b00000| Untracked 
|  60|0x0000000083c00000, 0x0000000083c00000, 0x0000000083d00000|  0%| F|  |TAMS 0x0000000083c00000, 0x0000000083c00000| Untracked 
|  61|0x0000000083d00000, 0x0000000083d00000, 0x0000000083e00000|  0%| F|  |TAMS 0x0000000083d00000, 0x0000000083d00000| Untracked 
|  62|0x0000000083e00000, 0x0000000083e00000, 0x0000000083f00000|  0%| F|  |TAMS 0x0000000083e00000, 0x0000000083e00000| Untracked 
|  63|0x0000000083f00000, 0x0000000083f00000, 0x0000000084000000|  0%| F|  |TAMS 0x0000000083f00000, 0x0000000083f00000| Untracked 
|  64|0x0000000084000000, 0x0000000084000000, 0x0000000084100000|  0%| F|  |TAMS 0x0000000084000000, 0x0000000084000000| Untracked 
|  65|0x0000000084100000, 0x0000000084100000, 0x0000000084200000|  0%| F|  |TAMS 0x0000000084100000, 0x0000000084100000| Untracked 
|  66|0x0000000084200000, 0x0000000084200000, 0x0000000084300000|  0%| F|  |TAMS 0x0000000084200000, 0x0000000084200000| Untracked 
|  67|0x0000000084300000, 0x0000000084300000, 0x0000000084400000|  0%| F|  |TAMS 0x0000000084300000, 0x0000000084300000| Untracked 
| 202|0x000000008ca00000, 0x000000008ca00000, 0x000000008cb00000|  0%| F|  |TAMS 0x000000008ca00000, 0x000000008ca00000| Untracked 
| 203|0x000000008cb00000, 0x000000008cb00000, 0x000000008cc00000|  0%| F|  |TAMS 0x000000008cb00000, 0x000000008cb00000| Untracked 
| 204|0x000000008cc00000, 0x000000008cc00000, 0x000000008cd00000|  0%| F|  |TAMS 0x000000008cc00000, 0x000000008cc00000| Untracked 
| 205|0x000000008cd00000, 0x000000008cd00000, 0x000000008ce00000|  0%| F|  |TAMS 0x000000008cd00000, 0x000000008cd00000| Untracked 
| 206|0x000000008ce00000, 0x000000008ce00000, 0x000000008cf00000|  0%| F|  |TAMS 0x000000008ce00000, 0x000000008ce00000| Untracked 
| 207|0x000000008cf00000, 0x000000008cf00000, 0x000000008d000000|  0%| F|  |TAMS 0x000000008cf00000, 0x000000008cf00000| Untracked 
| 208|0x000000008d000000, 0x000000008d000000, 0x000000008d100000|  0%| F|  |TAMS 0x000000008d000000, 0x000000008d000000| Untracked 
| 209|0x000000008d100000, 0x000000008d162410, 0x000000008d200000| 38%| E|  |TAMS 0x000000008d100000, 0x000000008d100000| Complete 
| 253|0x000000008fd00000, 0x000000008fe00000, 0x000000008fe00000|100%| E|CS|TAMS 0x000000008fd00000, 0x000000008fd00000| Complete 

Card table byte_map: [0x000001796a660000,0x000001796aa60000] _byte_map_base: 0x000001796a260000

Marking Bits (Prev, Next): (CMBitMap*) 0x0000017957abcc30, (CMBitMap*) 0x0000017957abcbf0
 Prev Bits: [0x000001796ce60000, 0x000001796ee60000)
 Next Bits: [0x000001796ae60000, 0x000001796ce60000)

Polling page: 0x0000017955a30000

Metaspace:

Usage:
  Non-class:     43.11 MB used.
      Class:      6.55 MB used.
       Both:     49.66 MB used.

Virtual space:
  Non-class space:       48.00 MB reserved,      43.31 MB ( 90%) committed,  6 nodes.
      Class space:        1.00 GB reserved,       6.75 MB ( <1%) committed,  1 nodes.
             Both:        1.05 GB reserved,      50.06 MB (  5%) committed. 

Chunk freelists:
   Non-Class:  132.00 KB
       Class:  1.25 MB
        Both:  1.38 MB

MaxMetaspaceSize: unlimited
CompressedClassSpaceSize: 1.00 GB
Initial GC threshold: 21.00 MB
Current GC threshold: 59.06 MB
CDS: off
MetaspaceReclaimPolicy: balanced
 - commit_granule_bytes: 65536.
 - commit_granule_words: 8192.
 - virtual_space_node_default_size: 1048576.
 - enlarge_chunks_in_place: 1.
 - new_chunks_are_fully_committed: 0.
 - uncommit_free_chunks: 1.
 - use_allocation_guard: 0.
 - handle_deallocations: 1.


Internal statistics:

num_allocs_failed_limit: 6.
num_arena_births: 420.
num_arena_deaths: 0.
num_vsnodes_births: 7.
num_vsnodes_deaths: 0.
num_space_committed: 801.
num_space_uncommitted: 0.
num_chunks_returned_to_freelist: 6.
num_chunks_taken_from_freelist: 1990.
num_chunk_merges: 3.
num_chunk_splits: 1332.
num_chunks_enlarged: 928.
num_purges: 0.
num_inconsistent_stats: 0.

CodeHeap 'non-profiled nmethods': size=120000Kb used=3492Kb max_used=3492Kb free=116507Kb
 bounds [0x0000017962a00000, 0x0000017962d70000, 0x0000017969f30000]
CodeHeap 'profiled nmethods': size=120000Kb used=11128Kb max_used=11128Kb free=108871Kb
 bounds [0x000001795af30000, 0x000001795ba10000, 0x0000017962460000]
CodeHeap 'non-nmethods': size=5760Kb used=2306Kb max_used=2396Kb free=3453Kb
 bounds [0x0000017962460000, 0x00000179626d0000, 0x0000017962a00000]
 total_blobs=6598 nmethods=5775 adapters=735
 compilation: enabled
              stopped_count=0, restarted_count=0
 full_count=0

Compilation events (20 events):
Event: 4.900 Thread 0x0000017972ab6030 nmethod 5760% 0x0000017962d55d90 code [0x0000017962d560a0, 0x0000017962d595c0]
Event: 4.900 Thread 0x000001797248dea0 5767       4       java.net.URLStreamHandler::toExternalForm (156 bytes)
Event: 4.905 Thread 0x00000179727998f0 nmethod 5766 0x0000017962d5b490 code [0x0000017962d5b6a0, 0x0000017962d5d218]
Event: 4.916 Thread 0x00000179727998f0 5768       4       java.util.zip.ZipFile$Source::initCEN (591 bytes)
Event: 4.926 Thread 0x000001797248dea0 nmethod 5767 0x0000017962d5e410 code [0x0000017962d5e620, 0x0000017962d60158]
Event: 5.021 Thread 0x00000179727998f0 nmethod 5768 0x0000017962d61710 code [0x0000017962d61a60, 0x0000017962d66250]
Event: 5.098 Thread 0x0000017972499a60 5770       3       jdk.internal.loader.URLClassPath$3::run (172 bytes)
Event: 5.099 Thread 0x0000017972499a60 nmethod 5770 0x000001795ba08990 code [0x000001795ba08cc0, 0x000001795ba09e48]
Event: 5.099 Thread 0x0000017972499a60 5773   !   3       jdk.internal.loader.URLClassPath$JarLoader$1::run (175 bytes)
Event: 5.099 Thread 0x0000017972499a60 nmethod 5773 0x000001795ba0a510 code [0x000001795ba0a740, 0x000001795ba0ae98]
Event: 5.099 Thread 0x0000017972499a60 5771       3       jdk.internal.loader.URLClassPath$JarLoader::<init> (67 bytes)
Event: 5.100 Thread 0x0000017972499a60 nmethod 5771 0x000001795ba0b310 code [0x000001795ba0b5a0, 0x000001795ba0c198]
Event: 5.100 Thread 0x0000017972499a60 5772       3       jdk.internal.loader.URLClassPath$Loader::<init> (10 bytes)
Event: 5.100 Thread 0x0000017972499a60 nmethod 5772 0x000001795ba0c610 code [0x000001795ba0c7a0, 0x000001795ba0c958]
Event: 5.100 Thread 0x0000017972499a60 5774       3       jdk.internal.loader.URLClassPath$JarLoader::getJarFile (102 bytes)
Event: 5.100 Thread 0x0000017972499a60 nmethod 5774 0x000001795ba0ca10 code [0x000001795ba0cce0, 0x000001795ba0d9a8]
Event: 5.100 Thread 0x0000017972499a60 5775       3       jdk.internal.loader.URLClassPath$JarLoader::isOptimizable (10 bytes)
Event: 5.101 Thread 0x0000017972499a60 nmethod 5775 0x000001795ba0de90 code [0x000001795ba0e040, 0x000001795ba0e1a8]
Event: 5.124 Thread 0x00000179727998f0 5776       4       java.io.ByteArrayOutputStream::ensureCapacity (32 bytes)
Event: 5.127 Thread 0x00000179727998f0 nmethod 5776 0x0000017962d68910 code [0x0000017962d68aa0, 0x0000017962d68ef8]

GC Heap History (20 events):
Event: 2.234 GC heap before
{Heap before GC invocations=4 (full 0):
 garbage-first heap   total 65536K, used 47343K [0x0000000080000000, 0x0000000100000000)
  region size 1024K, 38 young (38912K), 8 survivors (8192K)
 Metaspace       used 26279K, committed 26560K, reserved 1073152K
  class space    used 3475K, committed 3584K, reserved 1048576K
}
Event: 2.238 GC heap after
{Heap after GC invocations=5 (full 0):
 garbage-first heap   total 65536K, used 19392K [0x0000000080000000, 0x0000000100000000)
  region size 1024K, 3 young (3072K), 3 survivors (3072K)
 Metaspace       used 26279K, committed 26560K, reserved 1073152K
  class space    used 3475K, committed 3584K, reserved 1048576K
}
Event: 2.555 GC heap before
{Heap before GC invocations=5 (full 0):
 garbage-first heap   total 65536K, used 43968K [0x0000000080000000, 0x0000000100000000)
  region size 1024K, 27 young (27648K), 3 survivors (3072K)
 Metaspace       used 30155K, committed 30464K, reserved 1081344K
  class space    used 4097K, committed 4224K, reserved 1048576K
}
Event: 2.558 GC heap after
{Heap after GC invocations=6 (full 0):
 garbage-first heap   total 65536K, used 20493K [0x0000000080000000, 0x0000000100000000)
  region size 1024K, 4 young (4096K), 4 survivors (4096K)
 Metaspace       used 30155K, committed 30464K, reserved 1081344K
  class space    used 4097K, committed 4224K, reserved 1048576K
}
Event: 2.865 GC heap before
{Heap before GC invocations=6 (full 0):
 garbage-first heap   total 65536K, used 45069K [0x0000000080000000, 0x0000000100000000)
  region size 1024K, 28 young (28672K), 4 survivors (4096K)
 Metaspace       used 34205K, committed 34560K, reserved 1081344K
  class space    used 4755K, committed 4928K, reserved 1048576K
}
Event: 2.869 GC heap after
{Heap after GC invocations=7 (full 0):
 garbage-first heap   total 65536K, used 22290K [0x0000000080000000, 0x0000000100000000)
  region size 1024K, 4 young (4096K), 4 survivors (4096K)
 Metaspace       used 34205K, committed 34560K, reserved 1081344K
  class space    used 4755K, committed 4928K, reserved 1048576K
}
Event: 2.963 GC heap before
{Heap before GC invocations=7 (full 0):
 garbage-first heap   total 65536K, used 26386K [0x0000000080000000, 0x0000000100000000)
  region size 1024K, 9 young (9216K), 4 survivors (4096K)
 Metaspace       used 35672K, committed 35968K, reserved 1081344K
  class space    used 4855K, committed 4992K, reserved 1048576K
}
Event: 2.966 GC heap after
{Heap after GC invocations=8 (full 0):
 garbage-first heap   total 65536K, used 23060K [0x0000000080000000, 0x0000000100000000)
  region size 1024K, 3 young (3072K), 3 survivors (3072K)
 Metaspace       used 35672K, committed 35968K, reserved 1081344K
  class space    used 4855K, committed 4992K, reserved 1048576K
}
Event: 3.202 GC heap before
{Heap before GC invocations=9 (full 0):
 garbage-first heap   total 65536K, used 45588K [0x0000000080000000, 0x0000000100000000)
  region size 1024K, 26 young (26624K), 3 survivors (3072K)
 Metaspace       used 39661K, committed 39936K, reserved 1089536K
  class space    used 5272K, committed 5376K, reserved 1048576K
}
Event: 3.206 GC heap after
{Heap after GC invocations=10 (full 0):
 garbage-first heap   total 65536K, used 26694K [0x0000000080000000, 0x0000000100000000)
  region size 1024K, 4 young (4096K), 4 survivors (4096K)
 Metaspace       used 39661K, committed 39936K, reserved 1089536K
  class space    used 5272K, committed 5376K, reserved 1048576K
}
Event: 3.408 GC heap before
{Heap before GC invocations=10 (full 0):
 garbage-first heap   total 65536K, used 50246K [0x0000000080000000, 0x0000000100000000)
  region size 1024K, 25 young (25600K), 4 survivors (4096K)
 Metaspace       used 41788K, committed 42176K, reserved 1089536K
  class space    used 5464K, committed 5632K, reserved 1048576K
}
Event: 3.412 GC heap after
{Heap after GC invocations=11 (full 0):
 garbage-first heap   total 65536K, used 28652K [0x0000000080000000, 0x0000000100000000)
  region size 1024K, 3 young (3072K), 3 survivors (3072K)
 Metaspace       used 41788K, committed 42176K, reserved 1089536K
  class space    used 5464K, committed 5632K, reserved 1048576K
}
Event: 3.621 GC heap before
{Heap before GC invocations=11 (full 0):
 garbage-first heap   total 65536K, used 49132K [0x0000000080000000, 0x0000000100000000)
  region size 1024K, 23 young (23552K), 3 survivors (3072K)
 Metaspace       used 43523K, committed 43968K, reserved 1089536K
  class space    used 5746K, committed 5952K, reserved 1048576K
}
Event: 3.624 GC heap after
{Heap after GC invocations=12 (full 0):
 garbage-first heap   total 78848K, used 30565K [0x0000000080000000, 0x0000000100000000)
  region size 1024K, 2 young (2048K), 2 survivors (2048K)
 Metaspace       used 43523K, committed 43968K, reserved 1089536K
  class space    used 5746K, committed 5952K, reserved 1048576K
}
Event: 3.954 GC heap before
{Heap before GC invocations=12 (full 0):
 garbage-first heap   total 78848K, used 60261K [0x0000000080000000, 0x0000000100000000)
  region size 1024K, 30 young (30720K), 2 survivors (2048K)
 Metaspace       used 47601K, committed 48000K, reserved 1097728K
  class space    used 6301K, committed 6464K, reserved 1048576K
}
Event: 3.957 GC heap after
{Heap after GC invocations=13 (full 0):
 garbage-first heap   total 78848K, used 32046K [0x0000000080000000, 0x0000000100000000)
  region size 1024K, 4 young (4096K), 4 survivors (4096K)
 Metaspace       used 47601K, committed 48000K, reserved 1097728K
  class space    used 6301K, committed 6464K, reserved 1048576K
}
Event: 4.538 GC heap before
{Heap before GC invocations=13 (full 0):
 garbage-first heap   total 78848K, used 59694K [0x0000000080000000, 0x0000000100000000)
  region size 1024K, 31 young (31744K), 4 survivors (4096K)
 Metaspace       used 50428K, committed 50880K, reserved 1097728K
  class space    used 6665K, committed 6848K, reserved 1048576K
}
Event: 4.541 GC heap after
{Heap after GC invocations=14 (full 0):
 garbage-first heap   total 78848K, used 33914K [0x0000000080000000, 0x0000000100000000)
  region size 1024K, 4 young (4096K), 4 survivors (4096K)
 Metaspace       used 50428K, committed 50880K, reserved 1097728K
  class space    used 6665K, committed 6848K, reserved 1048576K
}
Event: 5.119 GC heap before
{Heap before GC invocations=14 (full 0):
 garbage-first heap   total 78848K, used 62586K [0x0000000080000000, 0x0000000100000000)
  region size 1024K, 30 young (30720K), 4 survivors (4096K)
 Metaspace       used 50847K, committed 51264K, reserved 1097728K
  class space    used 6702K, committed 6912K, reserved 1048576K
}
Event: 5.123 GC heap after
{Heap after GC invocations=15 (full 0):
 garbage-first heap   total 78848K, used 44165K [0x0000000080000000, 0x0000000100000000)
  region size 1024K, 4 young (4096K), 4 survivors (4096K)
 Metaspace       used 50847K, committed 51264K, reserved 1097728K
  class space    used 6702K, committed 6912K, reserved 1048576K
}

Dll operation events (2 events):
Event: 0.005 Loaded shared library C:\Program Files\Android\Android Studio\jbr\bin\java.dll
Event: 0.352 Loaded shared library C:\Program Files\Android\Android Studio\jbr\bin\verify.dll

Deoptimization events (20 events):
Event: 4.583 Thread 0x0000017975ffb060 DEOPT PACKING pc=0x000001795b2ac3d4 sp=0x0000005e1f0fdb10
Event: 4.583 Thread 0x0000017975ffb060 DEOPT UNPACKING pc=0x00000179624b7143 sp=0x0000005e1f0fd068 mode 0
Event: 4.592 Thread 0x0000017975ffdbb0 DEOPT PACKING pc=0x000001795b2ac3d4 sp=0x0000005e202fd550
Event: 4.592 Thread 0x0000017975ffdbb0 DEOPT UNPACKING pc=0x00000179624b7143 sp=0x0000005e202fcaa8 mode 0
Event: 4.640 Thread 0x0000017972a38d80 Uncommon trap: trap_request=0xffffffc6 fr.pc=0x0000017962a5f974 relative=0x0000000000002734
Event: 4.640 Thread 0x0000017972a38d80 Uncommon trap: reason=bimorphic_or_optimized_type_check action=maybe_recompile pc=0x0000017962a5f974 method=java.util.HashMap.putVal(ILjava/lang/Object;Ljava/lang/Object;ZZ)Ljava/lang/Object; @ 91 c2
Event: 4.640 Thread 0x0000017972a38d80 DEOPT PACKING pc=0x0000017962a5f974 sp=0x0000005e1c0f9730
Event: 4.640 Thread 0x0000017972a38d80 DEOPT UNPACKING pc=0x00000179624b69a3 sp=0x0000005e1c0f95f8 mode 2
Event: 4.641 Thread 0x0000017972a383e0 DEOPT PACKING pc=0x000001795b7f7243 sp=0x0000005e1c9fe140
Event: 4.641 Thread 0x0000017972a383e0 DEOPT UNPACKING pc=0x00000179624b7143 sp=0x0000005e1c9fd5c8 mode 0
Event: 4.648 Thread 0x00000179786f1700 Uncommon trap: trap_request=0xffffffcc fr.pc=0x0000017962d2ca84 relative=0x0000000000001464
Event: 4.648 Thread 0x00000179786f1700 Uncommon trap: reason=intrinsic_or_type_checked_inlining action=make_not_entrant pc=0x0000017962d2ca84 method=java.util.ArrayList.toArray([Ljava/lang/Object;)[Ljava/lang/Object; @ 36 c2
Event: 4.648 Thread 0x00000179786f1700 DEOPT PACKING pc=0x0000017962d2ca84 sp=0x0000005e22afee60
Event: 4.648 Thread 0x00000179786f1700 DEOPT UNPACKING pc=0x00000179624b69a3 sp=0x0000005e22afeda8 mode 2
Event: 4.816 Thread 0x0000017972a38d80 DEOPT PACKING pc=0x000001795afe87bd sp=0x0000005e1c0f7660
Event: 4.816 Thread 0x0000017972a38d80 DEOPT UNPACKING pc=0x00000179624b7143 sp=0x0000005e1c0f6af8 mode 0
Event: 5.128 Thread 0x0000017972a38d80 Uncommon trap: trap_request=0xffffffde fr.pc=0x0000017962bdf51c relative=0x000000000000023c
Event: 5.128 Thread 0x0000017972a38d80 Uncommon trap: reason=class_check action=maybe_recompile pc=0x0000017962bdf51c method=jdk.internal.loader.URLClassPath$JarLoader.ensureOpen()V @ 31 c2
Event: 5.128 Thread 0x0000017972a38d80 DEOPT PACKING pc=0x0000017962bdf51c sp=0x0000005e1c0f7c30
Event: 5.128 Thread 0x0000017972a38d80 DEOPT UNPACKING pc=0x00000179624b69a3 sp=0x0000005e1c0f7bc0 mode 2

Classes unloaded (0 events):
No events

Classes redefined (0 events):
No events

Internal exceptions (20 events):
Event: 3.990 Thread 0x0000017972a38d80 Exception <a 'java/lang/IncompatibleClassChangeError'{0x000000008cfbe508}: Found class java.lang.Object, but interface was expected> (0x000000008cfbe508) 
thrown [s\src\hotspot\share\interpreter\linkResolver.cpp, line 838]
Event: 3.991 Thread 0x0000017972a38d80 Exception <a 'java/lang/NoSuchMethodError'{0x000000008cfc5fb8}: 'int java.lang.invoke.DirectMethodHandle$Holder.invokeSpecialIFC(java.lang.Object, java.lang.Object, java.lang.Object, java.lang.Object, java.lang.Object)'> (0x000000008cfc5fb8) 
thrown [s\src\hotspot\share\interpreter\linkResolver.cpp, line 771]
Event: 4.063 Thread 0x0000017972a38d80 Exception <a 'java/lang/NoSuchMethodError'{0x000000008ca70058}: 'int java.lang.invoke.DirectMethodHandle$Holder.invokeStatic(java.lang.Object)'> (0x000000008ca70058) 
thrown [s\src\hotspot\share\interpreter\linkResolver.cpp, line 771]
Event: 4.063 Thread 0x0000017972a38d80 Exception <a 'java/lang/NoSuchMethodError'{0x000000008ca74448}: 'int java.lang.invoke.DirectMethodHandle$Holder.invokeStaticInit(java.lang.Object)'> (0x000000008ca74448) 
thrown [s\src\hotspot\share\interpreter\linkResolver.cpp, line 771]
Event: 4.085 Thread 0x0000017972a38d80 Exception <a 'java/lang/NoSuchMethodError'{0x00000000843b0a68}: 'void java.lang.invoke.DirectMethodHandle$Holder.invokeStatic(java.lang.Object, java.lang.Object, java.lang.Object, int, java.lang.Object)'> (0x00000000843b0a68) 
thrown [s\src\hotspot\share\interpreter\linkResolver.cpp, line 771]
Event: 4.134 Thread 0x0000017972a38d80 Exception <a 'java/lang/NoSuchMethodError'{0x00000000841e3120}: 'java.lang.Object java.lang.invoke.DelegatingMethodHandle$Holder.reinvoke_L(java.lang.Object, java.lang.Object, java.lang.Object, java.lang.Object, java.lang.Object, java.lang.Object, java.lang.Object, java.lang.Object, java.lang.Object, java.lang.Object, java.lang.Object, java.lang.Object, java.lang.Object, java.lang.Object, java.lang.Object, java.lang.Object, java.lang.Object, java.lang.Object, java.lang.Object, java.lang.Object, java.lang.O
Event: 4.134 Thread 0x0000017972a38d80 Exception <a 'java/lang/NoSuchMethodError'{0x00000000841eee40}: 'java.lang.Object java.lang.invoke.Invokers$Holder.invoker(java.lang.Object, java.lang.Object, java.lang.Object, java.lang.Object, java.lang.Object, java.lang.Object, java.lang.Object, java.lang.Object, java.lang.Object, java.lang.Object, java.lang.Object, java.lang.Object, java.lang.Object, java.lang.Object, java.lang.Object, java.lang.Object, java.lang.Object, java.lang.Object, java.lang.Object, java.lang.Object, java.lang.Object)'> (0x00000
Event: 4.135 Thread 0x0000017972a38d80 Exception <a 'java/lang/NoSuchMethodError'{0x00000000841f5dc8}: 'java.lang.Object java.lang.invoke.DelegatingMethodHandle$Holder.delegate(java.lang.Object, java.lang.Object, java.lang.Object, java.lang.Object, java.lang.Object, java.lang.Object, java.lang.Object, java.lang.Object, java.lang.Object, java.lang.Object, java.lang.Object, java.lang.Object, java.lang.Object, java.lang.Object, java.lang.Object, java.lang.Object, java.lang.Object, java.lang.Object, java.lang.Object, java.lang.Object, java.lang.Obj
Event: 4.140 Thread 0x0000017972a38d80 Exception <a 'java/lang/NoSuchMethodError'{0x000000008406e528}: 'java.lang.Object java.lang.invoke.DirectMethodHandle$Holder.invokeStatic(java.lang.Object, java.lang.Object, java.lang.Object, java.lang.Object, java.lang.Object, java.lang.Object, java.lang.Object, java.lang.Object, java.lang.Object, java.lang.Object, java.lang.Object, java.lang.Object, java.lang.Object, java.lang.Object, java.lang.Object, java.lang.Object, java.lang.Object)'> (0x000000008406e528) 
thrown [s\src\hotspot\share\interpreter\lin
Event: 4.142 Thread 0x0000017972a38d80 Exception <a 'java/lang/NoSuchMethodError'{0x00000000840968d8}: 'java.lang.Object java.lang.invoke.DirectMethodHandle$Holder.invokeStatic(java.lang.Object, java.lang.Object, java.lang.Object, java.lang.Object, java.lang.Object, java.lang.Object, java.lang.Object, java.lang.Object, java.lang.Object, java.lang.Object, java.lang.Object, java.lang.Object, java.lang.Object, java.lang.Object, java.lang.Object, java.lang.Object, java.lang.Object, java.lang.Object)'> (0x00000000840968d8) 
thrown [s\src\hotspot\sha
Event: 4.143 Thread 0x0000017972a38d80 Exception <a 'java/lang/NoSuchMethodError'{0x00000000840bf470}: 'java.lang.Object java.lang.invoke.DirectMethodHandle$Holder.invokeStatic(java.lang.Object, java.lang.Object, java.lang.Object, java.lang.Object, java.lang.Object, java.lang.Object, java.lang.Object, java.lang.Object, java.lang.Object, java.lang.Object, java.lang.Object, java.lang.Object, java.lang.Object, java.lang.Object, java.lang.Object, java.lang.Object, java.lang.Object, java.lang.Object, java.lang.Object)'> (0x00000000840bf470) 
thrown 
Event: 4.144 Thread 0x0000017972a38d80 Exception <a 'java/lang/NoSuchMethodError'{0x00000000840e9300}: 'java.lang.Object java.lang.invoke.DirectMethodHandle$Holder.invokeStatic(java.lang.Object, java.lang.Object, java.lang.Object, java.lang.Object, java.lang.Object, java.lang.Object, java.lang.Object, java.lang.Object, java.lang.Object, java.lang.Object, java.lang.Object, java.lang.Object, java.lang.Object, java.lang.Object, java.lang.Object, java.lang.Object, java.lang.Object, java.lang.Object, java.lang.Object, java.lang.Object)'> (0x00000000
Event: 4.145 Thread 0x0000017972a38d80 Exception <a 'java/lang/NoSuchMethodError'{0x0000000083f14690}: 'java.lang.Object java.lang.invoke.DirectMethodHandle$Holder.invokeStatic(java.lang.Object, java.lang.Object, java.lang.Object, java.lang.Object, java.lang.Object, java.lang.Object, java.lang.Object, java.lang.Object, java.lang.Object, java.lang.Object, java.lang.Object, java.lang.Object, java.lang.Object, java.lang.Object, java.lang.Object, java.lang.Object, java.lang.Object, java.lang.Object, java.lang.Object, java.lang.Object, java.lang.Obj
Event: 4.147 Thread 0x0000017972a38d80 Exception <a 'java/lang/NoSuchMethodError'{0x0000000083f3fee8}: 'java.lang.Object java.lang.invoke.DirectMethodHandle$Holder.invokeStatic(java.lang.Object, java.lang.Object, java.lang.Object, java.lang.Object, java.lang.Object, java.lang.Object, java.lang.Object, java.lang.Object, java.lang.Object, java.lang.Object, java.lang.Object, java.lang.Object, java.lang.Object, java.lang.Object, java.lang.Object, java.lang.Object, java.lang.Object, java.lang.Object, java.lang.Object, java.lang.Object, java.lang.Obj
Event: 4.149 Thread 0x0000017972a38d80 Exception <a 'java/lang/NoSuchMethodError'{0x0000000083f6d210}: 'java.lang.Object java.lang.invoke.DirectMethodHandle$Holder.invokeStatic(java.lang.Object, java.lang.Object, java.lang.Object, java.lang.Object, java.lang.Object, java.lang.Object, java.lang.Object, java.lang.Object, java.lang.Object, java.lang.Object, java.lang.Object, java.lang.Object, java.lang.Object, java.lang.Object, java.lang.Object, java.lang.Object, java.lang.Object, java.lang.Object, java.lang.Object, java.lang.Object, java.lang.Obj
Event: 4.150 Thread 0x0000017972a38d80 Exception <a 'java/lang/NoSuchMethodError'{0x0000000083fa39d8}: 'java.lang.Object java.lang.invoke.DirectMethodHandle$Holder.invokeStatic(java.lang.Object, java.lang.Object, java.lang.Object, java.lang.Object, java.lang.Object, java.lang.Object, java.lang.Object, java.lang.Object, java.lang.Object, java.lang.Object, java.lang.Object, java.lang.Object, java.lang.Object, java.lang.Object, java.lang.Object, java.lang.Object, java.lang.Object, java.lang.Object, java.lang.Object, java.lang.Object, java.lang.Obj
Event: 4.460 Thread 0x0000017972a38d80 Exception <a 'java/lang/NoSuchMethodError'{0x0000000083440fb8}: 'void java.lang.invoke.DirectMethodHandle$Holder.invokeStatic(java.lang.Object, java.lang.Object, java.lang.Object, java.lang.Object, java.lang.Object, java.lang.Object)'> (0x0000000083440fb8) 
thrown [s\src\hotspot\share\interpreter\linkResolver.cpp, line 771]
Event: 4.799 Thread 0x0000017972a38d80 Exception <a 'java/lang/ClassNotFoundException'{0x00000000839643f0}: build_4i9iwgsgsyc65cjuzttgjuvy3BeanInfo> (0x00000000839643f0) 
thrown [s\src\hotspot\share\classfile\systemDictionary.cpp, line 256]
Event: 4.799 Thread 0x0000017972a38d80 Exception <a 'java/lang/ClassNotFoundException'{0x000000008396ac10}: build_4i9iwgsgsyc65cjuzttgjuvy3Customizer> (0x000000008396ac10) 
thrown [s\src\hotspot\share\classfile\systemDictionary.cpp, line 256]
Event: 5.128 Thread 0x0000017972a38d80 Exception <a 'java/io/IOException'{0x000000008fd2e888}> (0x000000008fd2e888) 
thrown [s\src\hotspot\share\prims\jni.cpp, line 517]

VM Operations (20 events):
Event: 3.698 Executing VM operation: HandshakeAllThreads done
Event: 3.840 Executing VM operation: HandshakeAllThreads
Event: 3.840 Executing VM operation: HandshakeAllThreads done
Event: 3.841 Executing VM operation: HandshakeAllThreads
Event: 3.841 Executing VM operation: HandshakeAllThreads done
Event: 3.953 Executing VM operation: G1CollectForAllocation
Event: 3.957 Executing VM operation: G1CollectForAllocation done
Event: 4.389 Executing VM operation: ICBufferFull
Event: 4.390 Executing VM operation: ICBufferFull done
Event: 4.446 Executing VM operation: HandshakeAllThreads
Event: 4.447 Executing VM operation: HandshakeAllThreads done
Event: 4.538 Executing VM operation: G1CollectForAllocation
Event: 4.541 Executing VM operation: G1CollectForAllocation done
Event: 4.590 Executing VM operation: HandshakeAllThreads
Event: 4.591 Executing VM operation: HandshakeAllThreads done
Event: 4.741 Executing VM operation: ICBufferFull
Event: 4.742 Executing VM operation: ICBufferFull done
Event: 5.119 Executing VM operation: G1TryInitiateConcMark
Event: 5.124 Executing VM operation: G1TryInitiateConcMark done
Event: 5.144 Executing VM operation: G1Concurrent

Events (20 events):
Event: 4.564 Thread 0x000001797851a400 Thread added: 0x000001797851a400
Event: 4.564 Thread 0x000001797851ca80 Thread added: 0x000001797851ca80
Event: 4.564 Thread 0x000001797851cf50 Thread added: 0x000001797851cf50
Event: 4.564 Thread 0x000001797851d420 Thread added: 0x000001797851d420
Event: 4.564 Thread 0x000001797851faa0 Thread added: 0x000001797851faa0
Event: 4.564 Thread 0x000001797851d8f0 Thread added: 0x000001797851d8f0
Event: 4.565 Thread 0x000001797851ddc0 Thread added: 0x000001797851ddc0
Event: 4.565 Thread 0x000001797851e760 Thread added: 0x000001797851e760
Event: 4.565 Thread 0x000001797851f100 Thread added: 0x000001797851f100
Event: 4.566 Thread 0x0000017978520910 Thread added: 0x0000017978520910
Event: 4.566 Thread 0x00000179786f4bf0 Thread added: 0x00000179786f4bf0
Event: 4.566 Thread 0x00000179786f33e0 Thread added: 0x00000179786f33e0
Event: 4.570 Thread 0x00000179786f80e0 Thread added: 0x00000179786f80e0
Event: 4.571 Thread 0x00000179786f2a40 Thread added: 0x00000179786f2a40
Event: 4.571 Thread 0x00000179786f5590 Thread added: 0x00000179786f5590
Event: 4.574 Thread 0x00000179786f85b0 Thread added: 0x00000179786f85b0
Event: 4.647 Thread 0x00000179786f1700 Thread added: 0x00000179786f1700
Event: 4.647 Thread 0x00000179786f68d0 Thread added: 0x00000179786f68d0
Event: 4.647 Thread 0x00000179786f20a0 Thread added: 0x00000179786f20a0
Event: 5.098 Thread 0x0000017972ab6030 Thread exited: 0x0000017972ab6030


Dynamic libraries:
0x00007ff64a600000 - 0x00007ff64a60a000 	C:\Program Files\Android\Android Studio\jbr\bin\java.exe
0x00007fff28400000 - 0x00007fff28607000 	C:\WINDOWS\SYSTEM32\ntdll.dll
0x00007fff26a90000 - 0x00007fff26b4d000 	C:\WINDOWS\System32\KERNEL32.DLL
0x00007fff25d90000 - 0x00007fff26102000 	C:\WINDOWS\System32\KERNELBASE.dll
0x00007fff25bb0000 - 0x00007fff25cc1000 	C:\WINDOWS\System32\ucrtbase.dll
0x00007fff21c70000 - 0x00007fff21c87000 	C:\Program Files\Android\Android Studio\jbr\bin\jli.dll
0x00007fff21c50000 - 0x00007fff21c6b000 	C:\Program Files\Android\Android Studio\jbr\bin\VCRUNTIME140.dll
0x00007fff27960000 - 0x00007fff27b0c000 	C:\WINDOWS\System32\USER32.dll
0x00007fff11650000 - 0x00007fff118f5000 	C:\WINDOWS\WinSxS\amd64_microsoft.windows.common-controls_6595b64144ccf1df_6.0.21996.1_none_7d6b053978bcd706\COMCTL32.dll
0x00007fff262a0000 - 0x00007fff262c6000 	C:\WINDOWS\System32\win32u.dll
0x00007fff276f0000 - 0x00007fff27793000 	C:\WINDOWS\System32\msvcrt.dll
0x00007fff26b50000 - 0x00007fff26b79000 	C:\WINDOWS\System32\GDI32.dll
0x00007fff26180000 - 0x00007fff26292000 	C:\WINDOWS\System32\gdi32full.dll
0x00007fff25a90000 - 0x00007fff25b2d000 	C:\WINDOWS\System32\msvcp_win.dll
0x00007fff27650000 - 0x00007fff27681000 	C:\WINDOWS\System32\IMM32.DLL
0x00007fff21c40000 - 0x00007fff21c4c000 	C:\Program Files\Android\Android Studio\jbr\bin\vcruntime140_1.dll
0x00007fff13860000 - 0x00007fff138ed000 	C:\Program Files\Android\Android Studio\jbr\bin\msvcp140.dll
0x00007ffeb6b40000 - 0x00007ffeb77ad000 	C:\Program Files\Android\Android Studio\jbr\bin\server\jvm.dll
0x00007fff269e0000 - 0x00007fff26a8c000 	C:\WINDOWS\System32\ADVAPI32.dll
0x00007fff27530000 - 0x00007fff275cd000 	C:\WINDOWS\System32\sechost.dll
0x00007fff267c0000 - 0x00007fff268e1000 	C:\WINDOWS\System32\RPCRT4.dll
0x00007ffef22a0000 - 0x00007ffef22a9000 	C:\WINDOWS\SYSTEM32\WSOCK32.dll
0x00007fff1d5f0000 - 0x00007fff1d623000 	C:\WINDOWS\SYSTEM32\WINMM.dll
0x00007fff1dd30000 - 0x00007fff1dd3a000 	C:\WINDOWS\SYSTEM32\VERSION.dll
0x00007fff27b10000 - 0x00007fff27b7f000 	C:\WINDOWS\System32\WS2_32.dll
0x00007fff24b40000 - 0x00007fff24b57000 	C:\WINDOWS\SYSTEM32\kernel.appcore.dll
0x00007ffef2020000 - 0x00007ffef202a000 	C:\Program Files\Android\Android Studio\jbr\bin\jimage.dll
0x00007fff22c10000 - 0x00007fff22e31000 	C:\WINDOWS\SYSTEM32\DBGHELP.DLL
0x00007fff0b310000 - 0x00007fff0b341000 	C:\WINDOWS\SYSTEM32\dbgcore.DLL
0x00007fff25b30000 - 0x00007fff25bb0000 	C:\WINDOWS\System32\bcryptPrimitives.dll
0x00007ffec5570000 - 0x00007ffec5595000 	C:\Program Files\Android\Android Studio\jbr\bin\java.dll
0x00007ffebcb50000 - 0x00007ffebcb68000 	C:\Program Files\Android\Android Studio\jbr\bin\zip.dll
0x00007fff27c50000 - 0x00007fff283b9000 	C:\WINDOWS\System32\SHELL32.dll
0x00007fff23ae0000 - 0x00007fff24338000 	C:\WINDOWS\SYSTEM32\windows.storage.dll
0x00007fff26b80000 - 0x00007fff26ef5000 	C:\WINDOWS\System32\combase.dll
0x00007fff23970000 - 0x00007fff23ad6000 	C:\WINDOWS\SYSTEM32\wintypes.dll
0x00007fff268f0000 - 0x00007fff269da000 	C:\WINDOWS\System32\SHCORE.dll
0x00007fff27690000 - 0x00007fff276ed000 	C:\WINDOWS\System32\shlwapi.dll
0x00007fff25850000 - 0x00007fff25871000 	C:\WINDOWS\SYSTEM32\profapi.dll
0x00007ffebcae0000 - 0x00007ffebcaf9000 	C:\Program Files\Android\Android Studio\jbr\bin\net.dll
0x00007fff1f5b0000 - 0x00007fff1f6bc000 	C:\WINDOWS\SYSTEM32\WINHTTP.dll
0x00007fff24f50000 - 0x00007fff24fb7000 	C:\WINDOWS\system32\mswsock.dll
0x00007ffebcac0000 - 0x00007ffebcad6000 	C:\Program Files\Android\Android Studio\jbr\bin\nio.dll
0x00007ffec6fa0000 - 0x00007ffec6fb0000 	C:\Program Files\Android\Android Studio\jbr\bin\verify.dll
0x00007fff13610000 - 0x00007fff13637000 	C:\Users\Asus\.gradle\native\e1d6ef7f7dcc3fd88c89a11ec53ec762bb8ba0a96d01ffa2cd45eb1d1d8dd5c5\windows-amd64\native-platform.dll
0x00007ffede0c0000 - 0x00007ffede204000 	C:\Users\Asus\.gradle\native\0d407fdbe67a94daf76414ababcb853783967236a71b16ec16e742cd7a986fd3\windows-amd64\native-platform-file-events.dll
0x00007ffedf300000 - 0x00007ffedf309000 	C:\Program Files\Android\Android Studio\jbr\bin\management.dll
0x00007ffedf090000 - 0x00007ffedf09b000 	C:\Program Files\Android\Android Studio\jbr\bin\management_ext.dll
0x00007fff27520000 - 0x00007fff27528000 	C:\WINDOWS\System32\PSAPI.DLL
0x00007fff25190000 - 0x00007fff251a8000 	C:\WINDOWS\SYSTEM32\CRYPTSP.dll
0x00007fff24aa0000 - 0x00007fff24ad5000 	C:\WINDOWS\system32\rsaenh.dll
0x00007fff25040000 - 0x00007fff25069000 	C:\WINDOWS\SYSTEM32\USERENV.dll
0x00007fff25310000 - 0x00007fff25337000 	C:\WINDOWS\SYSTEM32\bcrypt.dll
0x00007fff251b0000 - 0x00007fff251bc000 	C:\WINDOWS\SYSTEM32\CRYPTBASE.dll
0x00007fff24630000 - 0x00007fff2465d000 	C:\WINDOWS\SYSTEM32\IPHLPAPI.DLL
0x00007fff27090000 - 0x00007fff27099000 	C:\WINDOWS\System32\NSI.dll
0x00007fff1f300000 - 0x00007fff1f319000 	C:\WINDOWS\SYSTEM32\dhcpcsvc6.DLL
0x00007fff20210000 - 0x00007fff2022e000 	C:\WINDOWS\SYSTEM32\dhcpcsvc.DLL
0x00007fff246b0000 - 0x00007fff24795000 	C:\WINDOWS\SYSTEM32\DNSAPI.dll
0x00007fff0bad0000 - 0x00007fff0bad8000 	C:\WINDOWS\system32\wshunix.dll

dbghelp: loaded successfully - version: 4.0.5 - missing functions: none
symbol engine: initialized successfully - sym options: 0x614 - pdb path: .;C:\Program Files\Android\Android Studio\jbr\bin;C:\WINDOWS\SYSTEM32;C:\WINDOWS\WinSxS\amd64_microsoft.windows.common-controls_6595b64144ccf1df_6.0.21996.1_none_7d6b053978bcd706;C:\Program Files\Android\Android Studio\jbr\bin\server;C:\Users\Asus\.gradle\native\e1d6ef7f7dcc3fd88c89a11ec53ec762bb8ba0a96d01ffa2cd45eb1d1d8dd5c5\windows-amd64;C:\Users\Asus\.gradle\native\0d407fdbe67a94daf76414ababcb853783967236a71b16ec16e742cd7a986fd3\windows-amd64

VM Arguments:
jvm_args: --add-opens=java.base/java.util=ALL-UNNAMED --add-opens=java.base/java.lang=ALL-UNNAMED --add-opens=java.base/java.lang.invoke=ALL-UNNAMED --add-opens=java.base/java.util=ALL-UNNAMED --add-opens=java.prefs/java.util.prefs=ALL-UNNAMED --add-opens=java.prefs/java.util.prefs=ALL-UNNAMED --add-opens=java.base/java.nio.charset=ALL-UNNAMED --add-opens=java.base/java.net=ALL-UNNAMED --add-opens=java.base/java.util.concurrent.atomic=ALL-UNNAMED -Xmx2048m -Dfile.encoding=UTF-8 -Duser.country=ID -Duser.language=en -Duser.variant 
java_command: org.gradle.launcher.daemon.bootstrap.GradleDaemon 7.5
java_class_path (initial): C:\Users\Asus\.gradle\wrapper\dists\gradle-7.5-bin\f1w0cc9nuo0eivz97x2xlu9sv\gradle-7.5\lib\gradle-launcher-7.5.jar
Launcher Type: SUN_STANDARD

[Global flags]
     intx CICompilerCount                          = 4                                         {product} {ergonomic}
     uint ConcGCThreads                            = 2                                         {product} {ergonomic}
     uint G1ConcRefinementThreads                  = 8                                         {product} {ergonomic}
   size_t G1HeapRegionSize                         = 1048576                                   {product} {ergonomic}
    uintx GCDrainStackTargetSize                   = 64                                        {product} {ergonomic}
   size_t InitialHeapSize                          = 266338304                                 {product} {ergonomic}
   size_t MarkStackSize                            = 4194304                                   {product} {ergonomic}
   size_t MaxHeapSize                              = 2147483648                                {product} {command line}
   size_t MaxNewSize                               = 1287651328                                {product} {ergonomic}
   size_t MinHeapDeltaBytes                        = 1048576                                   {product} {ergonomic}
   size_t MinHeapSize                              = 8388608                                   {product} {ergonomic}
    uintx NonNMethodCodeHeapSize                   = 5839372                                {pd product} {ergonomic}
    uintx NonProfiledCodeHeapSize                  = 122909434                              {pd product} {ergonomic}
    uintx ProfiledCodeHeapSize                     = 122909434                              {pd product} {ergonomic}
    uintx ReservedCodeCacheSize                    = 251658240                              {pd product} {ergonomic}
     bool SegmentedCodeCache                       = true                                      {product} {ergonomic}
   size_t SoftMaxHeapSize                          = 2147483648                             {manageable} {ergonomic}
     bool UseCompressedClassPointers               = true                           {product lp64_product} {ergonomic}
     bool UseCompressedOops                        = true                           {product lp64_product} {ergonomic}
     bool UseG1GC                                  = true                                      {product} {ergonomic}
     bool UseLargePagesIndividualAllocation        = false                                  {pd product} {ergonomic}

Logging:
Log output configuration:
 #0: stdout all=warning uptime,level,tags
 #1: stderr all=off uptime,level,tags

Environment Variables:
JAVA_HOME=C:\Program Files\Zulu\zulu-8\
PATH=C:\Program Files\Zulu\zulu-8\bin\;C:\Program Files (x86)\Common Files\Oracle\Java\javapath;C:\WINDOWS\system32;C:\WINDOWS;C:\WINDOWS\System32\Wbem;C:\WINDOWS\System32\WindowsPowerShell\v1.0\;C:\WINDOWS\System32\OpenSSH\;C:\Program Files (x86)\NVIDIA Corporation\PhysX\Common;C:\Program Files\dotnet\;C:\Program Files\Microsoft SQL Server\130\Tools\Binn\;C:\Program Files\Microsoft SQL Server\Client SDK\ODBC\170\Tools\Binn\;C:\Program Files (x86)\Microsoft SQL Server\100\Tools\Binn\;C:\Program Files (x86)\Microsoft SQL Server\100\DTS\Binn\;C:\Program Files (x86)\Microsoft SQL Server\100\Tools\Binn\VSShell\Common7\IDE\;C:\Program Files\Microsoft\Web Platform Installer\;C:\Program Files (x86)\Microsoft ASP.NET\ASP.NET Web Pages\v1.0\;C:\Program Files\Microsoft SQL Server\110\Tools\Binn\;C:\Program Files\NVIDIA Corporation\NVIDIA NvDLISR;C:\Program Files\Git\cmd;C:\src\flutter\bin;C:\Users\Asus\AppData\Local\Programs\Python\Python39\Scripts;C:\Users\Asus\AppData\Roaming\nvm;C:\Program Files\nodejs;C:\Program Files\Java\jdk1.8.0_202\bin;C:\gradle\gradle-8.1.1\bin;C:\xampp\php;C:\composer;C:\Program Files (x86)\Common Files\Oracle\Java\javapath;C:\WINDOWS\system32;C:\WINDOWS;C:\WINDOWS\System32\Wbem;C:\WINDOWS\System32\WindowsPowerShell\v1.0\;C:\WINDOWS\System32\OpenSSH\;C:\Program Files (x86)\NVIDIA Corporation\PhysX\Common;C:\Program Files\dotnet\;C:\Program Files\Microsoft SQL Server\130\Tools\Binn\;C:\Program Files\Microsoft SQL Server\Client SDK\ODBC\170\Tools\Binn\;C:\Program Files (x86)\Microsoft SQL Server\100\Tools\Binn\;C:\Program Files (x86)\Microsoft SQL Server\100\DTS\Binn\;C:\Program Files (x86)\Microsoft SQL Server\100\Tools\Binn\VSShell\Common7\IDE\;C:\Program Files\Microsoft\Web Platform Installer\;C:\Program Files (x86)\Microsoft ASP.NET\ASP.NET Web Pages\v1.0\;C:\Program Files\Microsoft SQL Server\110\Tools\Binn\;C:\Program Files\NVIDIA Corporation\NVIDIA NvDLISR;C:\Program Files\Git\cmd;C:\src\flutter\bin;D:\xampp\php;C:\Users\Asus\AppData\Local\Program
USERNAME=Asus
OS=Windows_NT
PROCESSOR_IDENTIFIER=Intel64 Family 6 Model 158 Stepping 10, GenuineIntel
TMP=C:\Users\Asus\AppData\Local\Temp
TEMP=C:\Users\Asus\AppData\Local\Temp



---------------  S Y S T E M  ---------------

OS:
 Windows 10 , 64 bit Build 21996 (10.0.21996.1)
OS uptime: 0 days 5:07 hours

CPU: total 8 (initial active 8) (4 cores per cpu, 2 threads per core) family 6 model 158 stepping 10 microcode 0xde, cx8, cmov, fxsr, ht, mmx, 3dnowpref, sse, sse2, sse3, ssse3, sse4.1, sse4.2, popcnt, lzcnt, tsc, tscinvbit, avx, avx2, aes, erms, clmul, bmi1, bmi2, adx, fma, vzeroupper, clflush, clflushopt

Memory: 4k page, system-wide physical 16236M (822M free)
TotalPageFile size 18284M (AvailPageFile size 16M)
current process WorkingSet (physical memory assigned to process): 224M, peak: 260M
current process commit charge ("private bytes"): 271M, peak: 393M

vm_info: OpenJDK 64-Bit Server VM (17.0.6+0-b2043.56-9586694) for windows-amd64 JRE (17.0.6+0-b2043.56-9586694), built on Feb  9 2023 20:06:20 by "androidbuild" with MS VC++ 16.10 / 16.11 (VS2019)

END.
