#
# There is insufficient memory for the Java Runtime Environment to continue.
# Native memory allocation (mmap) failed to map 53477376 bytes for Failed to commit area from 0x0000000712200000 to 0x0000000715500000 of length 53477376.
# Possible reasons:
#   The system is out of physical RAM or swap space
#   The process is running with CompressedOops enabled, and the Java Heap may be blocking the growth of the native heap
# Possible solutions:
#   Reduce memory load on the system
#   Increase physical memory or swap space
#   Check if swap backing store is full
#   Decrease Java heap size (-Xmx/-Xms)
#   Decrease number of Java threads
#   Decrease Java thread stack sizes (-Xss)
#   Set larger code cache with -XX:ReservedCodeCacheSize=
#   JVM is running with Zero Based Compressed Oops mode in which the Java heap is
#     placed in the first 32GB address space. The Java Heap base address is the
#     maximum limit for the native heap growth. Please use -XX:HeapBaseMinAddress
#     to set the Java Heap base and to place the Java Heap above 32GB virtual address.
# This output file may be truncated or incomplete.
#
#  Out of Memory Error (./src/hotspot/os/windows/os_windows.cpp:3619), pid=14608, tid=14728
#
# JRE version: OpenJDK Runtime Environment (11.0.13) (build 11.0.13+0-b1751.21-8125866)
# Java VM: OpenJDK 64-Bit Server VM (11.0.13+0-b1751.21-8125866, mixed mode, tiered, compressed oops, g1 gc, windows-amd64)
# No core dump will be written. Minidumps are not enabled by default on client versions of Windows
#

---------------  S U M M A R Y ------------

Command Line: org.jetbrains.kotlin.cli.jvm.K2JVMCompiler @C:\Users\Asus\StudioProjects\PersonalSafetyGuard\app\build\20230619_16232056928445492847.compiler.options

Host: Intel(R) Core(TM) i5-9300H CPU @ 2.40GHz, 8 cores, 15G,  Windows 10 , 64 bit Build 21996 (10.0.21996.1)
Time: Mon Jun 19 19:59:04 2023 SE Asia Standard Time elapsed time: 4.480817 seconds (0d 0h 0m 4s)

---------------  T H R E A D  ---------------

Current thread (0x000002ca62942000):  VMThread "VM Thread" [stack: 0x000000dae4100000,0x000000dae4200000] [id=14728]

Stack: [0x000000dae4100000,0x000000dae4200000]
[error occurred during error reporting (printing stack bounds), id 0xc0000005, EXCEPTION_ACCESS_VIOLATION (0xc0000005) at pc=0x000002ca46ca112d]

Native frames: (J=compiled Java code, j=interpreted, Vv=VM code, C=native code)
V  [jvm.dll+0x6100fa]
V  [jvm.dll+0x747090]
V  [jvm.dll+0x7486ad]
V  [jvm.dll+0x748ce5]
V  [jvm.dll+0x748c9b]
V  [jvm.dll+0x60f224]
V  [jvm.dll+0x60f9b8]
C  [ntdll.dll+0xa7c5f]
C  [ntdll.dll+0x359ba]
C  [ntdll.dll+0xa6c6e]
C  0x000002ca46ca112d

VM_Operation (0x000000dae3bfa100): CollectForMetadataAllocation, mode: safepoint, requested by thread 0x000002ca419b0000


---------------  P R O C E S S  ---------------

Threads class SMR info:
_java_thread_list=0x000002ca633c9c70, length=12, elements={
0x000002ca419b0000, 0x000002ca62947800, 0x000002ca62951000, 0x000002ca62969000,
0x000002ca6296b000, 0x000002ca6296e000, 0x000002ca6321e000, 0x000002ca6321f000,
0x000002ca63220800, 0x000002ca633e7000, 0x000002ca633de000, 0x000002ca633db800
}

Java Threads: ( => current thread )
  0x000002ca419b0000 JavaThread "main" [_thread_blocked, id=21340, stack(0x000000dae3b00000,0x000000dae3c00000)]
  0x000002ca62947800 JavaThread "Reference Handler" daemon [_thread_blocked, id=14432, stack(0x000000dae4200000,0x000000dae4300000)]
  0x000002ca62951000 JavaThread "Finalizer" daemon [_thread_blocked, id=19992, stack(0x000000dae4300000,0x000000dae4400000)]
  0x000002ca62969000 JavaThread "Signal Dispatcher" daemon [_thread_blocked, id=7944, stack(0x000000dae4400000,0x000000dae4500000)]
  0x000002ca6296b000 JavaThread "Attach Listener" daemon [_thread_blocked, id=21280, stack(0x000000dae4500000,0x000000dae4600000)]
  0x000002ca6296e000 JavaThread "Service Thread" daemon [_thread_blocked, id=16644, stack(0x000000dae4600000,0x000000dae4700000)]
  0x000002ca6321e000 JavaThread "C2 CompilerThread0" daemon [_thread_blocked, id=13556, stack(0x000000dae4700000,0x000000dae4800000)]
  0x000002ca6321f000 JavaThread "C1 CompilerThread0" daemon [_thread_blocked, id=18020, stack(0x000000dae4800000,0x000000dae4900000)]
  0x000002ca63220800 JavaThread "Sweeper thread" daemon [_thread_blocked, id=6184, stack(0x000000dae4900000,0x000000dae4a00000)]
  0x000002ca633e7000 JavaThread "Common-Cleaner" daemon [_thread_blocked, id=15812, stack(0x000000dae4b00000,0x000000dae4c00000)]
  0x000002ca633de000 JavaThread "C2 CompilerThread1" daemon [_thread_in_native, id=20884, stack(0x000000dae4c00000,0x000000dae4d00000)]
  0x000002ca633db800 JavaThread "C2 CompilerThread2" daemon [_thread_blocked, id=16472, stack(0x000000dae4d00000,0x000000dae4e00000)]

Other Threads:
=>0x000002ca62942000 VMThread "VM Thread" [stack: 0x000000dae4100000,0x000000dae4200000] [id=14728]
  0x000002ca633c2800 WatcherThread [stack: 0x000000dae4a00000,0x000000dae4b00000] [id=2616]
  0x000002ca419c8000 GCTaskThread "GC Thread#0" [stack: 0x000000dae3c00000,0x000000dae3d00000] [id=7260]
  0x000002ca63cb4800 GCTaskThread "GC Thread#1" [stack: 0x000000dae4e00000,0x000000dae4f00000] [id=12852]
  0x000002ca63c41000 GCTaskThread "GC Thread#2" [stack: 0x000000dae4f00000,0x000000dae5000000] [id=14152]
  0x000002ca63b72000 GCTaskThread "GC Thread#3" [stack: 0x000000dae5000000,0x000000dae5100000] [id=1604]
  0x000002ca63b72800 GCTaskThread "GC Thread#4" [stack: 0x000000dae5100000,0x000000dae5200000] [id=7616]
  0x000002ca63b73000 GCTaskThread "GC Thread#5" [stack: 0x000000dae5200000,0x000000dae5300000] [id=18932]
  0x000002ca41a23000 ConcurrentGCThread "G1 Main Marker" [stack: 0x000000dae3d00000,0x000000dae3e00000] [id=21456]
  0x000002ca41a24800 ConcurrentGCThread "G1 Conc#0" [stack: 0x000000dae3e00000,0x000000dae3f00000] [id=15852]
  0x000002ca63bf8800 ConcurrentGCThread "G1 Conc#1" [stack: 0x000000dae5300000,0x000000dae5400000] [id=9560]
  0x000002ca41a8d800 ConcurrentGCThread "G1 Refine#0" [stack: 0x000000dae3f00000,0x000000dae4000000] [id=8268]
  0x000002ca65281000 ConcurrentGCThread "G1 Refine#1" [stack: 0x000000dae5400000,0x000000dae5500000] [id=15616]
  0x000002ca6282c800 ConcurrentGCThread "G1 Young RemSet Sampling" [stack: 0x000000dae4000000,0x000000dae4100000] [id=11872]

Threads with active compile tasks:
C2 CompilerThread0   4493 5663 %     4       jdk.internal.jimage.ImageStringsReader::charsFromByteBufferLength @ 2 (47 bytes)
C2 CompilerThread1   4493 5286       4       org.jetbrains.kotlin.load.java.structure.impl.classFiles.BinaryClassSignatureParser::parseParameterizedClassRefSignature (262 bytes)
C2 CompilerThread2   4493 5597       4       org.jetbrains.kotlin.load.java.structure.impl.classFiles.BinaryClassSignatureParser::parseTypeString (120 bytes)

VM state:at safepoint (normal execution)

VM Mutex/Monitor currently owned by a thread:  ([mutex/lock_event])
[0x000002ca419ad9f0] Threads_lock - owner thread: 0x000002ca62942000
[0x000002ca419acfd0] Heap_lock - owner thread: 0x000002ca419b0000

Heap address: 0x0000000702400000, size: 4060 MB, Compressed Oops mode: Zero based, Oop shift amount: 3
Narrow klass base: 0x0000000800000000, Narrow klass shift: 0
Compressed class space size: 1073741824 Address: 0x0000000800000000

Heap:
 garbage-first heap   total 312320K, used 48845K [0x0000000702400000, 0x0000000800000000)
  region size 1024K, 13 young (13312K), 13 survivors (13312K)
 Metaspace       used 59337K, capacity 60179K, committed 60296K, reserved 1101824K
  class space    used 6922K, capacity 7285K, committed 7296K, reserved 1048576K
Heap Regions: E=young(eden), S=young(survivor), O=old, HS=humongous(starts), HC=humongous(continues), CS=collection set, F=free, A=archive, TAMS=top-at-mark-start (previous, next)
|   0|0x0000000702400000, 0x0000000702500000, 0x0000000702500000|100%|HS|  |TAMS 0x0000000702500000, 0x0000000702500000| Complete 
|   1|0x0000000702500000, 0x0000000702600000, 0x0000000702600000|100%|HC|  |TAMS 0x0000000702600000, 0x0000000702600000| Complete 
|   2|0x0000000702600000, 0x0000000702700000, 0x0000000702700000|100%|HC|  |TAMS 0x0000000702700000, 0x0000000702700000| Complete 
|   3|0x0000000702700000, 0x0000000702800000, 0x0000000702800000|100%|HC|  |TAMS 0x0000000702800000, 0x0000000702800000| Complete 
|   4|0x0000000702800000, 0x0000000702900000, 0x0000000702900000|100%|HS|  |TAMS 0x0000000702900000, 0x0000000702900000| Complete 
|   5|0x0000000702900000, 0x0000000702a00000, 0x0000000702a00000|100%|HC|  |TAMS 0x0000000702a00000, 0x0000000702a00000| Complete 
|   6|0x0000000702a00000, 0x0000000702b00000, 0x0000000702b00000|100%|HC|  |TAMS 0x0000000702b00000, 0x0000000702b00000| Complete 
|   7|0x0000000702b00000, 0x0000000702c00000, 0x0000000702c00000|100%|HC|  |TAMS 0x0000000702c00000, 0x0000000702c00000| Complete 
|   8|0x0000000702c00000, 0x0000000702c00000, 0x0000000702d00000|  0%| F|  |TAMS 0x0000000702c00000, 0x0000000702c00000| Untracked 
|   9|0x0000000702d00000, 0x0000000702e00000, 0x0000000702e00000|100%| O|  |TAMS 0x0000000702d00000, 0x0000000702e00000| Untracked 
|  10|0x0000000702e00000, 0x0000000702f00000, 0x0000000702f00000|100%| O|  |TAMS 0x0000000702f00000, 0x0000000702f00000| Untracked 
|  11|0x0000000702f00000, 0x0000000703000000, 0x0000000703000000|100%| O|  |TAMS 0x0000000703000000, 0x0000000703000000| Untracked 
|  12|0x0000000703000000, 0x0000000703100000, 0x0000000703100000|100%| O|  |TAMS 0x0000000703100000, 0x0000000703100000| Untracked 
|  13|0x0000000703100000, 0x0000000703200000, 0x0000000703200000|100%| O|  |TAMS 0x0000000703200000, 0x0000000703200000| Untracked 
|  14|0x0000000703200000, 0x0000000703300000, 0x0000000703300000|100%| O|  |TAMS 0x0000000703300000, 0x0000000703300000| Untracked 
|  15|0x0000000703300000, 0x0000000703400000, 0x0000000703400000|100%| O|  |TAMS 0x0000000703400000, 0x0000000703400000| Untracked 
|  16|0x0000000703400000, 0x0000000703500000, 0x0000000703500000|100%| O|  |TAMS 0x0000000703500000, 0x0000000703500000| Untracked 
|  17|0x0000000703500000, 0x0000000703600000, 0x0000000703600000|100%| O|  |TAMS 0x0000000703600000, 0x0000000703600000| Untracked 
|  18|0x0000000703600000, 0x0000000703700000, 0x0000000703700000|100%| O|  |TAMS 0x0000000703700000, 0x0000000703700000| Untracked 
|  19|0x0000000703700000, 0x0000000703800000, 0x0000000703800000|100%| O|  |TAMS 0x0000000703800000, 0x0000000703800000| Untracked 
|  20|0x0000000703800000, 0x0000000703900000, 0x0000000703900000|100%| O|  |TAMS 0x0000000703900000, 0x0000000703900000| Untracked 
|  21|0x0000000703900000, 0x0000000703a00000, 0x0000000703a00000|100%| O|  |TAMS 0x0000000703a00000, 0x0000000703a00000| Untracked 
|  22|0x0000000703a00000, 0x0000000703b00000, 0x0000000703b00000|100%| O|  |TAMS 0x0000000703b00000, 0x0000000703b00000| Untracked 
|  23|0x0000000703b00000, 0x0000000703c00000, 0x0000000703c00000|100%| O|  |TAMS 0x0000000703bb3000, 0x0000000703c00000| Untracked 
|  24|0x0000000703c00000, 0x0000000703d00000, 0x0000000703d00000|100%|HS|  |TAMS 0x0000000703c00000, 0x0000000703d00000| Complete 
|  25|0x0000000703d00000, 0x0000000703e00000, 0x0000000703e00000|100%|HC|  |TAMS 0x0000000703d00000, 0x0000000703e00000| Complete 
|  26|0x0000000703e00000, 0x0000000703f00000, 0x0000000703f00000|100%| O|  |TAMS 0x0000000703e00000, 0x0000000703f00000| Untracked 
|  27|0x0000000703f00000, 0x0000000704000000, 0x0000000704000000|100%| O|  |TAMS 0x0000000703f00000, 0x0000000704000000| Untracked 
|  28|0x0000000704000000, 0x0000000704100000, 0x0000000704100000|100%| O|  |TAMS 0x0000000704000000, 0x0000000704100000| Untracked 
|  29|0x0000000704100000, 0x0000000704200000, 0x0000000704200000|100%| O|  |TAMS 0x0000000704100000, 0x0000000704200000| Untracked 
|  30|0x0000000704200000, 0x0000000704300000, 0x0000000704300000|100%| O|  |TAMS 0x0000000704200000, 0x0000000704300000| Untracked 
|  31|0x0000000704300000, 0x0000000704400000, 0x0000000704400000|100%| O|  |TAMS 0x0000000704300000, 0x0000000704400000| Untracked 
|  32|0x0000000704400000, 0x0000000704500000, 0x0000000704500000|100%| O|  |TAMS 0x0000000704400000, 0x0000000704500000| Untracked 
|  33|0x0000000704500000, 0x0000000704600000, 0x0000000704600000|100%| O|  |TAMS 0x0000000704500000, 0x0000000704600000| Untracked 
|  34|0x0000000704600000, 0x0000000704700000, 0x0000000704700000|100%| O|  |TAMS 0x0000000704600000, 0x0000000704700000| Untracked 
|  35|0x0000000704700000, 0x00000007047b3400, 0x0000000704800000| 70%| O|  |TAMS 0x0000000704700000, 0x00000007047b3400| Untracked 
|  36|0x0000000704800000, 0x0000000704800000, 0x0000000704900000|  0%| F|  |TAMS 0x0000000704800000, 0x0000000704800000| Untracked 
|  37|0x0000000704900000, 0x0000000704900000, 0x0000000704a00000|  0%| F|  |TAMS 0x0000000704900000, 0x0000000704900000| Untracked 
|  38|0x0000000704a00000, 0x0000000704a00000, 0x0000000704b00000|  0%| F|  |TAMS 0x0000000704a00000, 0x0000000704a00000| Untracked 
|  39|0x0000000704b00000, 0x0000000704b00000, 0x0000000704c00000|  0%| F|  |TAMS 0x0000000704b00000, 0x0000000704b00000| Untracked 
|  40|0x0000000704c00000, 0x0000000704c00000, 0x0000000704d00000|  0%| F|  |TAMS 0x0000000704c00000, 0x0000000704c00000| Untracked 
|  41|0x0000000704d00000, 0x0000000704d00000, 0x0000000704e00000|  0%| F|  |TAMS 0x0000000704d00000, 0x0000000704d00000| Untracked 
|  42|0x0000000704e00000, 0x0000000704e00000, 0x0000000704f00000|  0%| F|  |TAMS 0x0000000704e00000, 0x0000000704e00000| Untracked 
|  43|0x0000000704f00000, 0x0000000704f00000, 0x0000000705000000|  0%| F|  |TAMS 0x0000000704f00000, 0x0000000704f00000| Untracked 
|  44|0x0000000705000000, 0x0000000705000000, 0x0000000705100000|  0%| F|  |TAMS 0x0000000705000000, 0x0000000705000000| Untracked 
|  45|0x0000000705100000, 0x0000000705100000, 0x0000000705200000|  0%| F|  |TAMS 0x0000000705100000, 0x0000000705100000| Untracked 
|  46|0x0000000705200000, 0x0000000705200000, 0x0000000705300000|  0%| F|  |TAMS 0x0000000705200000, 0x0000000705200000| Untracked 
|  47|0x0000000705300000, 0x0000000705300000, 0x0000000705400000|  0%| F|  |TAMS 0x0000000705300000, 0x0000000705300000| Untracked 
|  48|0x0000000705400000, 0x0000000705400000, 0x0000000705500000|  0%| F|  |TAMS 0x0000000705400000, 0x0000000705400000| Untracked 
|  49|0x0000000705500000, 0x0000000705500000, 0x0000000705600000|  0%| F|  |TAMS 0x0000000705500000, 0x0000000705500000| Untracked 
|  50|0x0000000705600000, 0x0000000705600000, 0x0000000705700000|  0%| F|  |TAMS 0x0000000705600000, 0x0000000705600000| Untracked 
|  51|0x0000000705700000, 0x0000000705700000, 0x0000000705800000|  0%| F|  |TAMS 0x0000000705700000, 0x0000000705700000| Untracked 
|  52|0x0000000705800000, 0x0000000705800000, 0x0000000705900000|  0%| F|  |TAMS 0x0000000705800000, 0x0000000705800000| Untracked 
|  53|0x0000000705900000, 0x0000000705900000, 0x0000000705a00000|  0%| F|  |TAMS 0x0000000705900000, 0x0000000705900000| Untracked 
|  54|0x0000000705a00000, 0x0000000705a00000, 0x0000000705b00000|  0%| F|  |TAMS 0x0000000705a00000, 0x0000000705a00000| Untracked 
|  55|0x0000000705b00000, 0x0000000705b00000, 0x0000000705c00000|  0%| F|  |TAMS 0x0000000705b00000, 0x0000000705b00000| Untracked 
|  56|0x0000000705c00000, 0x0000000705c00000, 0x0000000705d00000|  0%| F|  |TAMS 0x0000000705c00000, 0x0000000705c00000| Untracked 
|  57|0x0000000705d00000, 0x0000000705d00000, 0x0000000705e00000|  0%| F|  |TAMS 0x0000000705d00000, 0x0000000705d00000| Untracked 
|  58|0x0000000705e00000, 0x0000000705e00000, 0x0000000705f00000|  0%| F|  |TAMS 0x0000000705e00000, 0x0000000705e00000| Untracked 
|  59|0x0000000705f00000, 0x0000000705f00000, 0x0000000706000000|  0%| F|  |TAMS 0x0000000705f00000, 0x0000000705f00000| Untracked 
|  60|0x0000000706000000, 0x0000000706000000, 0x0000000706100000|  0%| F|  |TAMS 0x0000000706000000, 0x0000000706000000| Untracked 
|  61|0x0000000706100000, 0x0000000706100000, 0x0000000706200000|  0%| F|  |TAMS 0x0000000706100000, 0x0000000706100000| Untracked 
|  62|0x0000000706200000, 0x0000000706200000, 0x0000000706300000|  0%| F|  |TAMS 0x0000000706200000, 0x0000000706200000| Untracked 
|  63|0x0000000706300000, 0x0000000706300000, 0x0000000706400000|  0%| F|  |TAMS 0x0000000706300000, 0x0000000706300000| Untracked 
|  64|0x0000000706400000, 0x0000000706400000, 0x0000000706500000|  0%| F|  |TAMS 0x0000000706400000, 0x0000000706400000| Untracked 
|  65|0x0000000706500000, 0x0000000706500000, 0x0000000706600000|  0%| F|  |TAMS 0x0000000706500000, 0x0000000706500000| Untracked 
|  66|0x0000000706600000, 0x0000000706600000, 0x0000000706700000|  0%| F|  |TAMS 0x0000000706600000, 0x0000000706600000| Untracked 
|  67|0x0000000706700000, 0x0000000706700000, 0x0000000706800000|  0%| F|  |TAMS 0x0000000706700000, 0x0000000706700000| Untracked 
|  68|0x0000000706800000, 0x0000000706800000, 0x0000000706900000|  0%| F|  |TAMS 0x0000000706800000, 0x0000000706800000| Untracked 
|  69|0x0000000706900000, 0x0000000706900000, 0x0000000706a00000|  0%| F|  |TAMS 0x0000000706900000, 0x0000000706900000| Untracked 
|  70|0x0000000706a00000, 0x0000000706a00000, 0x0000000706b00000|  0%| F|  |TAMS 0x0000000706a00000, 0x0000000706a00000| Untracked 
|  71|0x0000000706b00000, 0x0000000706b00000, 0x0000000706c00000|  0%| F|  |TAMS 0x0000000706b00000, 0x0000000706b00000| Untracked 
|  72|0x0000000706c00000, 0x0000000706c00000, 0x0000000706d00000|  0%| F|  |TAMS 0x0000000706c00000, 0x0000000706c00000| Untracked 
|  73|0x0000000706d00000, 0x0000000706d00000, 0x0000000706e00000|  0%| F|  |TAMS 0x0000000706d00000, 0x0000000706d00000| Untracked 
|  74|0x0000000706e00000, 0x0000000706e00000, 0x0000000706f00000|  0%| F|  |TAMS 0x0000000706e00000, 0x0000000706e00000| Untracked 
|  75|0x0000000706f00000, 0x0000000706f00000, 0x0000000707000000|  0%| F|  |TAMS 0x0000000706f00000, 0x0000000706f00000| Untracked 
|  76|0x0000000707000000, 0x0000000707000000, 0x0000000707100000|  0%| F|  |TAMS 0x0000000707000000, 0x0000000707000000| Untracked 
|  77|0x0000000707100000, 0x0000000707100000, 0x0000000707200000|  0%| F|  |TAMS 0x0000000707100000, 0x0000000707100000| Untracked 
|  78|0x0000000707200000, 0x0000000707200000, 0x0000000707300000|  0%| F|  |TAMS 0x0000000707200000, 0x0000000707200000| Untracked 
|  79|0x0000000707300000, 0x0000000707300000, 0x0000000707400000|  0%| F|  |TAMS 0x0000000707300000, 0x0000000707300000| Untracked 
|  80|0x0000000707400000, 0x0000000707400000, 0x0000000707500000|  0%| F|  |TAMS 0x0000000707400000, 0x0000000707400000| Untracked 
|  81|0x0000000707500000, 0x0000000707500000, 0x0000000707600000|  0%| F|  |TAMS 0x0000000707500000, 0x0000000707500000| Untracked 
|  82|0x0000000707600000, 0x0000000707600000, 0x0000000707700000|  0%| F|  |TAMS 0x0000000707600000, 0x0000000707600000| Untracked 
|  83|0x0000000707700000, 0x0000000707700000, 0x0000000707800000|  0%| F|  |TAMS 0x0000000707700000, 0x0000000707700000| Untracked 
|  84|0x0000000707800000, 0x0000000707800000, 0x0000000707900000|  0%| F|  |TAMS 0x0000000707800000, 0x0000000707800000| Untracked 
|  85|0x0000000707900000, 0x0000000707900000, 0x0000000707a00000|  0%| F|  |TAMS 0x0000000707900000, 0x0000000707900000| Untracked 
|  86|0x0000000707a00000, 0x0000000707a00000, 0x0000000707b00000|  0%| F|  |TAMS 0x0000000707a00000, 0x0000000707a00000| Untracked 
|  87|0x0000000707b00000, 0x0000000707b00000, 0x0000000707c00000|  0%| F|  |TAMS 0x0000000707b00000, 0x0000000707b00000| Untracked 
|  88|0x0000000707c00000, 0x0000000707c00000, 0x0000000707d00000|  0%| F|  |TAMS 0x0000000707c00000, 0x0000000707c00000| Untracked 
|  89|0x0000000707d00000, 0x0000000707d00000, 0x0000000707e00000|  0%| F|  |TAMS 0x0000000707d00000, 0x0000000707d00000| Untracked 
|  90|0x0000000707e00000, 0x0000000707e00000, 0x0000000707f00000|  0%| F|  |TAMS 0x0000000707e00000, 0x0000000707e00000| Untracked 
|  91|0x0000000707f00000, 0x0000000707f00000, 0x0000000708000000|  0%| F|  |TAMS 0x0000000707f00000, 0x0000000707f00000| Untracked 
|  92|0x0000000708000000, 0x0000000708000000, 0x0000000708100000|  0%| F|  |TAMS 0x0000000708000000, 0x0000000708000000| Untracked 
|  93|0x0000000708100000, 0x0000000708100000, 0x0000000708200000|  0%| F|  |TAMS 0x0000000708100000, 0x0000000708100000| Untracked 
|  94|0x0000000708200000, 0x0000000708200000, 0x0000000708300000|  0%| F|  |TAMS 0x0000000708200000, 0x0000000708200000| Untracked 
|  95|0x0000000708300000, 0x0000000708300000, 0x0000000708400000|  0%| F|  |TAMS 0x0000000708300000, 0x0000000708300000| Untracked 
|  96|0x0000000708400000, 0x0000000708400000, 0x0000000708500000|  0%| F|  |TAMS 0x0000000708400000, 0x0000000708400000| Untracked 
|  97|0x0000000708500000, 0x0000000708500000, 0x0000000708600000|  0%| F|  |TAMS 0x0000000708500000, 0x0000000708500000| Untracked 
|  98|0x0000000708600000, 0x0000000708600000, 0x0000000708700000|  0%| F|  |TAMS 0x0000000708600000, 0x0000000708600000| Untracked 
|  99|0x0000000708700000, 0x0000000708700000, 0x0000000708800000|  0%| F|  |TAMS 0x0000000708700000, 0x0000000708700000| Untracked 
| 100|0x0000000708800000, 0x0000000708800000, 0x0000000708900000|  0%| F|  |TAMS 0x0000000708800000, 0x0000000708800000| Untracked 
| 101|0x0000000708900000, 0x0000000708900000, 0x0000000708a00000|  0%| F|  |TAMS 0x0000000708900000, 0x0000000708900000| Untracked 
| 102|0x0000000708a00000, 0x0000000708a00000, 0x0000000708b00000|  0%| F|  |TAMS 0x0000000708a00000, 0x0000000708a00000| Untracked 
| 103|0x0000000708b00000, 0x0000000708b00000, 0x0000000708c00000|  0%| F|  |TAMS 0x0000000708b00000, 0x0000000708b00000| Untracked 
| 104|0x0000000708c00000, 0x0000000708c00000, 0x0000000708d00000|  0%| F|  |TAMS 0x0000000708c00000, 0x0000000708c00000| Untracked 
| 105|0x0000000708d00000, 0x0000000708d00000, 0x0000000708e00000|  0%| F|  |TAMS 0x0000000708d00000, 0x0000000708d00000| Untracked 
| 106|0x0000000708e00000, 0x0000000708e00000, 0x0000000708f00000|  0%| F|  |TAMS 0x0000000708e00000, 0x0000000708e00000| Untracked 
| 107|0x0000000708f00000, 0x0000000708f00000, 0x0000000709000000|  0%| F|  |TAMS 0x0000000708f00000, 0x0000000708f00000| Untracked 
| 108|0x0000000709000000, 0x0000000709000000, 0x0000000709100000|  0%| F|  |TAMS 0x0000000709000000, 0x0000000709000000| Untracked 
| 109|0x0000000709100000, 0x0000000709100000, 0x0000000709200000|  0%| F|  |TAMS 0x0000000709100000, 0x0000000709100000| Untracked 
| 110|0x0000000709200000, 0x0000000709200000, 0x0000000709300000|  0%| F|  |TAMS 0x0000000709200000, 0x0000000709200000| Untracked 
| 111|0x0000000709300000, 0x0000000709300000, 0x0000000709400000|  0%| F|  |TAMS 0x0000000709300000, 0x0000000709300000| Untracked 
| 112|0x0000000709400000, 0x0000000709400000, 0x0000000709500000|  0%| F|  |TAMS 0x0000000709400000, 0x0000000709400000| Untracked 
| 113|0x0000000709500000, 0x0000000709500000, 0x0000000709600000|  0%| F|  |TAMS 0x0000000709500000, 0x0000000709500000| Untracked 
| 114|0x0000000709600000, 0x0000000709600000, 0x0000000709700000|  0%| F|  |TAMS 0x0000000709600000, 0x0000000709600000| Untracked 
| 115|0x0000000709700000, 0x0000000709700000, 0x0000000709800000|  0%| F|  |TAMS 0x0000000709700000, 0x0000000709700000| Untracked 
| 116|0x0000000709800000, 0x0000000709800000, 0x0000000709900000|  0%| F|  |TAMS 0x0000000709800000, 0x0000000709800000| Untracked 
| 117|0x0000000709900000, 0x0000000709900000, 0x0000000709a00000|  0%| F|  |TAMS 0x0000000709900000, 0x0000000709900000| Untracked 
| 118|0x0000000709a00000, 0x0000000709a00000, 0x0000000709b00000|  0%| F|  |TAMS 0x0000000709a00000, 0x0000000709a00000| Untracked 
| 119|0x0000000709b00000, 0x0000000709b00000, 0x0000000709c00000|  0%| F|  |TAMS 0x0000000709b00000, 0x0000000709b00000| Untracked 
| 120|0x0000000709c00000, 0x0000000709c00000, 0x0000000709d00000|  0%| F|  |TAMS 0x0000000709c00000, 0x0000000709c00000| Untracked 
| 121|0x0000000709d00000, 0x0000000709d00000, 0x0000000709e00000|  0%| F|  |TAMS 0x0000000709d00000, 0x0000000709d00000| Untracked 
| 122|0x0000000709e00000, 0x0000000709e00000, 0x0000000709f00000|  0%| F|  |TAMS 0x0000000709e00000, 0x0000000709e00000| Untracked 
| 123|0x0000000709f00000, 0x0000000709f00000, 0x000000070a000000|  0%| F|  |TAMS 0x0000000709f00000, 0x0000000709f00000| Untracked 
| 124|0x000000070a000000, 0x000000070a000000, 0x000000070a100000|  0%| F|  |TAMS 0x000000070a000000, 0x000000070a000000| Untracked 
| 125|0x000000070a100000, 0x000000070a100000, 0x000000070a200000|  0%| F|  |TAMS 0x000000070a100000, 0x000000070a100000| Untracked 
| 126|0x000000070a200000, 0x000000070a200000, 0x000000070a300000|  0%| F|  |TAMS 0x000000070a200000, 0x000000070a200000| Untracked 
| 127|0x000000070a300000, 0x000000070a300000, 0x000000070a400000|  0%| F|  |TAMS 0x000000070a300000, 0x000000070a300000| Untracked 
| 128|0x000000070a400000, 0x000000070a400000, 0x000000070a500000|  0%| F|  |TAMS 0x000000070a400000, 0x000000070a400000| Untracked 
| 129|0x000000070a500000, 0x000000070a500000, 0x000000070a600000|  0%| F|  |TAMS 0x000000070a500000, 0x000000070a500000| Untracked 
| 130|0x000000070a600000, 0x000000070a600000, 0x000000070a700000|  0%| F|  |TAMS 0x000000070a600000, 0x000000070a600000| Untracked 
| 131|0x000000070a700000, 0x000000070a700000, 0x000000070a800000|  0%| F|  |TAMS 0x000000070a700000, 0x000000070a700000| Untracked 
| 132|0x000000070a800000, 0x000000070a800000, 0x000000070a900000|  0%| F|  |TAMS 0x000000070a800000, 0x000000070a800000| Untracked 
| 133|0x000000070a900000, 0x000000070a900000, 0x000000070aa00000|  0%| F|  |TAMS 0x000000070a900000, 0x000000070a900000| Untracked 
| 134|0x000000070aa00000, 0x000000070aa00000, 0x000000070ab00000|  0%| F|  |TAMS 0x000000070aa00000, 0x000000070aa00000| Untracked 
| 135|0x000000070ab00000, 0x000000070ab00000, 0x000000070ac00000|  0%| F|  |TAMS 0x000000070ab00000, 0x000000070ab00000| Untracked 
| 136|0x000000070ac00000, 0x000000070ac00000, 0x000000070ad00000|  0%| F|  |TAMS 0x000000070ac00000, 0x000000070ac00000| Untracked 
| 137|0x000000070ad00000, 0x000000070ae00000, 0x000000070ae00000|100%| S|CS|TAMS 0x000000070ad00000, 0x000000070ad00000| Complete 
| 138|0x000000070ae00000, 0x000000070af00000, 0x000000070af00000|100%| S|CS|TAMS 0x000000070ae00000, 0x000000070ae00000| Complete 
| 139|0x000000070af00000, 0x000000070b000000, 0x000000070b000000|100%| S|CS|TAMS 0x000000070af00000, 0x000000070af00000| Complete 
| 140|0x000000070b000000, 0x000000070b100000, 0x000000070b100000|100%| S|CS|TAMS 0x000000070b000000, 0x000000070b000000| Complete 
| 141|0x000000070b100000, 0x000000070b200000, 0x000000070b200000|100%| S|CS|TAMS 0x000000070b100000, 0x000000070b100000| Complete 
| 142|0x000000070b200000, 0x000000070b300000, 0x000000070b300000|100%| S|CS|TAMS 0x000000070b200000, 0x000000070b200000| Complete 
| 143|0x000000070b300000, 0x000000070b400000, 0x000000070b400000|100%| S|CS|TAMS 0x000000070b300000, 0x000000070b300000| Complete 
| 144|0x000000070b400000, 0x000000070b500000, 0x000000070b500000|100%| S|CS|TAMS 0x000000070b400000, 0x000000070b400000| Complete 
| 145|0x000000070b500000, 0x000000070b600000, 0x000000070b600000|100%| S|CS|TAMS 0x000000070b500000, 0x000000070b500000| Complete 
| 146|0x000000070b600000, 0x000000070b700000, 0x000000070b700000|100%| S|CS|TAMS 0x000000070b600000, 0x000000070b600000| Complete 
| 147|0x000000070b700000, 0x000000070b800000, 0x000000070b800000|100%| S|CS|TAMS 0x000000070b700000, 0x000000070b700000| Complete 
| 148|0x000000070b800000, 0x000000070b900000, 0x000000070b900000|100%| S|CS|TAMS 0x000000070b800000, 0x000000070b800000| Complete 
| 149|0x000000070b900000, 0x000000070ba00000, 0x000000070ba00000|100%| S|CS|TAMS 0x000000070b900000, 0x000000070b900000| Complete 
| 150|0x000000070ba00000, 0x000000070ba00000, 0x000000070bb00000|  0%| F|  |TAMS 0x000000070ba00000, 0x000000070ba00000| Untracked 
| 151|0x000000070bb00000, 0x000000070bb00000, 0x000000070bc00000|  0%| F|  |TAMS 0x000000070bb00000, 0x000000070bb00000| Untracked 
| 152|0x000000070bc00000, 0x000000070bc00000, 0x000000070bd00000|  0%| F|  |TAMS 0x000000070bc00000, 0x000000070bc00000| Untracked 
| 153|0x000000070bd00000, 0x000000070bd00000, 0x000000070be00000|  0%| F|  |TAMS 0x000000070bd00000, 0x000000070bd00000| Untracked 
| 154|0x000000070be00000, 0x000000070be00000, 0x000000070bf00000|  0%| F|  |TAMS 0x000000070be00000, 0x000000070be00000| Untracked 
| 155|0x000000070bf00000, 0x000000070bf00000, 0x000000070c000000|  0%| F|  |TAMS 0x000000070bf00000, 0x000000070bf00000| Untracked 
| 156|0x000000070c000000, 0x000000070c000000, 0x000000070c100000|  0%| F|  |TAMS 0x000000070c000000, 0x000000070c000000| Untracked 
| 157|0x000000070c100000, 0x000000070c100000, 0x000000070c200000|  0%| F|  |TAMS 0x000000070c100000, 0x000000070c100000| Untracked 
| 158|0x000000070c200000, 0x000000070c200000, 0x000000070c300000|  0%| F|  |TAMS 0x000000070c200000, 0x000000070c200000| Untracked 
| 159|0x000000070c300000, 0x000000070c300000, 0x000000070c400000|  0%| F|  |TAMS 0x000000070c300000, 0x000000070c300000| Untracked 
| 160|0x000000070c400000, 0x000000070c400000, 0x000000070c500000|  0%| F|  |TAMS 0x000000070c400000, 0x000000070c400000| Untracked 
| 161|0x000000070c500000, 0x000000070c500000, 0x000000070c600000|  0%| F|  |TAMS 0x000000070c500000, 0x000000070c500000| Untracked 
| 162|0x000000070c600000, 0x000000070c600000, 0x000000070c700000|  0%| F|  |TAMS 0x000000070c600000, 0x000000070c600000| Untracked 
| 163|0x000000070c700000, 0x000000070c700000, 0x000000070c800000|  0%| F|  |TAMS 0x000000070c700000, 0x000000070c700000| Untracked 
| 164|0x000000070c800000, 0x000000070c800000, 0x000000070c900000|  0%| F|  |TAMS 0x000000070c800000, 0x000000070c800000| Untracked 
| 165|0x000000070c900000, 0x000000070c900000, 0x000000070ca00000|  0%| F|  |TAMS 0x000000070c900000, 0x000000070c900000| Untracked 
| 166|0x000000070ca00000, 0x000000070ca00000, 0x000000070cb00000|  0%| F|  |TAMS 0x000000070ca00000, 0x000000070ca00000| Untracked 
| 167|0x000000070cb00000, 0x000000070cb00000, 0x000000070cc00000|  0%| F|  |TAMS 0x000000070cb00000, 0x000000070cb00000| Untracked 
| 168|0x000000070cc00000, 0x000000070cc00000, 0x000000070cd00000|  0%| F|  |TAMS 0x000000070cc00000, 0x000000070cc00000| Untracked 
| 169|0x000000070cd00000, 0x000000070cd00000, 0x000000070ce00000|  0%| F|  |TAMS 0x000000070cd00000, 0x000000070cd00000| Untracked 
| 170|0x000000070ce00000, 0x000000070ce00000, 0x000000070cf00000|  0%| F|  |TAMS 0x000000070ce00000, 0x000000070ce00000| Untracked 
| 171|0x000000070cf00000, 0x000000070cf00000, 0x000000070d000000|  0%| F|  |TAMS 0x000000070cf00000, 0x000000070cf00000| Untracked 
| 172|0x000000070d000000, 0x000000070d000000, 0x000000070d100000|  0%| F|  |TAMS 0x000000070d000000, 0x000000070d000000| Untracked 
| 173|0x000000070d100000, 0x000000070d100000, 0x000000070d200000|  0%| F|  |TAMS 0x000000070d100000, 0x000000070d100000| Untracked 
| 174|0x000000070d200000, 0x000000070d200000, 0x000000070d300000|  0%| F|  |TAMS 0x000000070d200000, 0x000000070d200000| Untracked 
| 175|0x000000070d300000, 0x000000070d300000, 0x000000070d400000|  0%| F|  |TAMS 0x000000070d300000, 0x000000070d300000| Untracked 
| 176|0x000000070d400000, 0x000000070d400000, 0x000000070d500000|  0%| F|  |TAMS 0x000000070d400000, 0x000000070d400000| Untracked 
| 177|0x000000070d500000, 0x000000070d500000, 0x000000070d600000|  0%| F|  |TAMS 0x000000070d500000, 0x000000070d500000| Untracked 
| 178|0x000000070d600000, 0x000000070d600000, 0x000000070d700000|  0%| F|  |TAMS 0x000000070d600000, 0x000000070d600000| Untracked 
| 179|0x000000070d700000, 0x000000070d700000, 0x000000070d800000|  0%| F|  |TAMS 0x000000070d700000, 0x000000070d700000| Untracked 
| 180|0x000000070d800000, 0x000000070d800000, 0x000000070d900000|  0%| F|  |TAMS 0x000000070d800000, 0x000000070d800000| Untracked 
| 181|0x000000070d900000, 0x000000070d900000, 0x000000070da00000|  0%| F|  |TAMS 0x000000070d900000, 0x000000070d900000| Untracked 
| 182|0x000000070da00000, 0x000000070da00000, 0x000000070db00000|  0%| F|  |TAMS 0x000000070da00000, 0x000000070da00000| Untracked 
| 183|0x000000070db00000, 0x000000070db00000, 0x000000070dc00000|  0%| F|  |TAMS 0x000000070db00000, 0x000000070db00000| Untracked 
| 184|0x000000070dc00000, 0x000000070dc00000, 0x000000070dd00000|  0%| F|  |TAMS 0x000000070dc00000, 0x000000070dc00000| Untracked 
| 185|0x000000070dd00000, 0x000000070dd00000, 0x000000070de00000|  0%| F|  |TAMS 0x000000070dd00000, 0x000000070dd00000| Untracked 
| 186|0x000000070de00000, 0x000000070de00000, 0x000000070df00000|  0%| F|  |TAMS 0x000000070de00000, 0x000000070de00000| Untracked 
| 187|0x000000070df00000, 0x000000070df00000, 0x000000070e000000|  0%| F|  |TAMS 0x000000070df00000, 0x000000070df00000| Untracked 
| 188|0x000000070e000000, 0x000000070e000000, 0x000000070e100000|  0%| F|  |TAMS 0x000000070e000000, 0x000000070e000000| Untracked 
| 189|0x000000070e100000, 0x000000070e100000, 0x000000070e200000|  0%| F|  |TAMS 0x000000070e100000, 0x000000070e100000| Untracked 
| 190|0x000000070e200000, 0x000000070e200000, 0x000000070e300000|  0%| F|  |TAMS 0x000000070e200000, 0x000000070e200000| Untracked 
| 191|0x000000070e300000, 0x000000070e300000, 0x000000070e400000|  0%| F|  |TAMS 0x000000070e300000, 0x000000070e300000| Untracked 
| 192|0x000000070e400000, 0x000000070e400000, 0x000000070e500000|  0%| F|  |TAMS 0x000000070e400000, 0x000000070e400000| Untracked 
| 193|0x000000070e500000, 0x000000070e500000, 0x000000070e600000|  0%| F|  |TAMS 0x000000070e500000, 0x000000070e500000| Untracked 
| 194|0x000000070e600000, 0x000000070e600000, 0x000000070e700000|  0%| F|  |TAMS 0x000000070e600000, 0x000000070e600000| Untracked 
| 195|0x000000070e700000, 0x000000070e700000, 0x000000070e800000|  0%| F|  |TAMS 0x000000070e700000, 0x000000070e700000| Untracked 
| 196|0x000000070e800000, 0x000000070e800000, 0x000000070e900000|  0%| F|  |TAMS 0x000000070e800000, 0x000000070e800000| Untracked 
| 197|0x000000070e900000, 0x000000070e900000, 0x000000070ea00000|  0%| F|  |TAMS 0x000000070e900000, 0x000000070e900000| Untracked 
| 198|0x000000070ea00000, 0x000000070ea00000, 0x000000070eb00000|  0%| F|  |TAMS 0x000000070ea00000, 0x000000070ea00000| Untracked 
| 199|0x000000070eb00000, 0x000000070eb00000, 0x000000070ec00000|  0%| F|  |TAMS 0x000000070eb00000, 0x000000070eb00000| Untracked 
| 200|0x000000070ec00000, 0x000000070ec00000, 0x000000070ed00000|  0%| F|  |TAMS 0x000000070ec00000, 0x000000070ec00000| Untracked 
| 201|0x000000070ed00000, 0x000000070ed00000, 0x000000070ee00000|  0%| F|  |TAMS 0x000000070ed00000, 0x000000070ed00000| Untracked 
| 202|0x000000070ee00000, 0x000000070ee00000, 0x000000070ef00000|  0%| F|  |TAMS 0x000000070ee00000, 0x000000070ee00000| Untracked 
| 203|0x000000070ef00000, 0x000000070ef00000, 0x000000070f000000|  0%| F|  |TAMS 0x000000070ef00000, 0x000000070ef00000| Untracked 
| 204|0x000000070f000000, 0x000000070f000000, 0x000000070f100000|  0%| F|  |TAMS 0x000000070f000000, 0x000000070f000000| Untracked 
| 205|0x000000070f100000, 0x000000070f100000, 0x000000070f200000|  0%| F|  |TAMS 0x000000070f100000, 0x000000070f100000| Untracked 
| 206|0x000000070f200000, 0x000000070f200000, 0x000000070f300000|  0%| F|  |TAMS 0x000000070f200000, 0x000000070f200000| Untracked 
| 207|0x000000070f300000, 0x000000070f300000, 0x000000070f400000|  0%| F|  |TAMS 0x000000070f300000, 0x000000070f300000| Untracked 
| 208|0x000000070f400000, 0x000000070f400000, 0x000000070f500000|  0%| F|  |TAMS 0x000000070f400000, 0x000000070f400000| Untracked 
| 209|0x000000070f500000, 0x000000070f500000, 0x000000070f600000|  0%| F|  |TAMS 0x000000070f500000, 0x000000070f500000| Untracked 
| 210|0x000000070f600000, 0x000000070f600000, 0x000000070f700000|  0%| F|  |TAMS 0x000000070f600000, 0x000000070f600000| Untracked 
| 211|0x000000070f700000, 0x000000070f700000, 0x000000070f800000|  0%| F|  |TAMS 0x000000070f700000, 0x000000070f700000| Untracked 
| 212|0x000000070f800000, 0x000000070f800000, 0x000000070f900000|  0%| F|  |TAMS 0x000000070f800000, 0x000000070f800000| Untracked 
| 213|0x000000070f900000, 0x000000070f900000, 0x000000070fa00000|  0%| F|  |TAMS 0x000000070f900000, 0x000000070f900000| Untracked 
| 214|0x000000070fa00000, 0x000000070fa00000, 0x000000070fb00000|  0%| F|  |TAMS 0x000000070fa00000, 0x000000070fa00000| Untracked 
| 215|0x000000070fb00000, 0x000000070fb00000, 0x000000070fc00000|  0%| F|  |TAMS 0x000000070fb00000, 0x000000070fb00000| Untracked 
| 216|0x000000070fc00000, 0x000000070fc00000, 0x000000070fd00000|  0%| F|  |TAMS 0x000000070fc00000, 0x000000070fc00000| Untracked 
| 217|0x000000070fd00000, 0x000000070fd00000, 0x000000070fe00000|  0%| F|  |TAMS 0x000000070fd00000, 0x000000070fd00000| Untracked 
| 218|0x000000070fe00000, 0x000000070fe00000, 0x000000070ff00000|  0%| F|  |TAMS 0x000000070fe00000, 0x000000070fe00000| Untracked 
| 219|0x000000070ff00000, 0x000000070ff00000, 0x0000000710000000|  0%| F|  |TAMS 0x000000070ff00000, 0x000000070ff00000| Untracked 
| 220|0x0000000710000000, 0x0000000710000000, 0x0000000710100000|  0%| F|  |TAMS 0x0000000710000000, 0x0000000710000000| Untracked 
| 221|0x0000000710100000, 0x0000000710100000, 0x0000000710200000|  0%| F|  |TAMS 0x0000000710100000, 0x0000000710100000| Untracked 
| 222|0x0000000710200000, 0x0000000710200000, 0x0000000710300000|  0%| F|  |TAMS 0x0000000710200000, 0x0000000710200000| Untracked 
| 223|0x0000000710300000, 0x0000000710300000, 0x0000000710400000|  0%| F|  |TAMS 0x0000000710300000, 0x0000000710300000| Untracked 
| 224|0x0000000710400000, 0x0000000710400000, 0x0000000710500000|  0%| F|  |TAMS 0x0000000710400000, 0x0000000710400000| Untracked 
| 225|0x0000000710500000, 0x0000000710500000, 0x0000000710600000|  0%| F|  |TAMS 0x0000000710500000, 0x0000000710500000| Untracked 
| 226|0x0000000710600000, 0x0000000710600000, 0x0000000710700000|  0%| F|  |TAMS 0x0000000710600000, 0x0000000710600000| Untracked 
| 227|0x0000000710700000, 0x0000000710700000, 0x0000000710800000|  0%| F|  |TAMS 0x0000000710700000, 0x0000000710700000| Untracked 
| 228|0x0000000710800000, 0x0000000710800000, 0x0000000710900000|  0%| F|  |TAMS 0x0000000710800000, 0x0000000710800000| Untracked 
| 229|0x0000000710900000, 0x0000000710900000, 0x0000000710a00000|  0%| F|  |TAMS 0x0000000710900000, 0x0000000710900000| Untracked 
| 230|0x0000000710a00000, 0x0000000710a00000, 0x0000000710b00000|  0%| F|  |TAMS 0x0000000710a00000, 0x0000000710a00000| Untracked 
| 231|0x0000000710b00000, 0x0000000710b00000, 0x0000000710c00000|  0%| F|  |TAMS 0x0000000710b00000, 0x0000000710b00000| Untracked 
| 232|0x0000000710c00000, 0x0000000710c00000, 0x0000000710d00000|  0%| F|  |TAMS 0x0000000710c00000, 0x0000000710c00000| Untracked 
| 233|0x0000000710d00000, 0x0000000710d00000, 0x0000000710e00000|  0%| F|  |TAMS 0x0000000710d00000, 0x0000000710d00000| Untracked 
| 234|0x0000000710e00000, 0x0000000710e00000, 0x0000000710f00000|  0%| F|  |TAMS 0x0000000710e00000, 0x0000000710e00000| Untracked 
| 235|0x0000000710f00000, 0x0000000710f00000, 0x0000000711000000|  0%| F|  |TAMS 0x0000000710f00000, 0x0000000710f00000| Untracked 
| 236|0x0000000711000000, 0x0000000711000000, 0x0000000711100000|  0%| F|  |TAMS 0x0000000711000000, 0x0000000711000000| Untracked 
| 237|0x0000000711100000, 0x0000000711100000, 0x0000000711200000|  0%| F|  |TAMS 0x0000000711100000, 0x0000000711100000| Untracked 
| 238|0x0000000711200000, 0x0000000711200000, 0x0000000711300000|  0%| F|  |TAMS 0x0000000711200000, 0x0000000711200000| Untracked 
| 239|0x0000000711300000, 0x0000000711300000, 0x0000000711400000|  0%| F|  |TAMS 0x0000000711300000, 0x0000000711300000| Untracked 
| 240|0x0000000711400000, 0x0000000711400000, 0x0000000711500000|  0%| F|  |TAMS 0x0000000711400000, 0x0000000711400000| Untracked 
| 241|0x0000000711500000, 0x0000000711500000, 0x0000000711600000|  0%| F|  |TAMS 0x0000000711500000, 0x0000000711500000| Untracked 
| 242|0x0000000711600000, 0x0000000711600000, 0x0000000711700000|  0%| F|  |TAMS 0x0000000711600000, 0x0000000711600000| Untracked 
| 243|0x0000000711700000, 0x0000000711700000, 0x0000000711800000|  0%| F|  |TAMS 0x0000000711700000, 0x0000000711700000| Untracked 
| 244|0x0000000711800000, 0x0000000711800000, 0x0000000711900000|  0%| F|  |TAMS 0x0000000711800000, 0x0000000711800000| Untracked 
| 245|0x0000000711900000, 0x0000000711900000, 0x0000000711a00000|  0%| F|  |TAMS 0x0000000711900000, 0x0000000711900000| Untracked 
| 246|0x0000000711a00000, 0x0000000711a00000, 0x0000000711b00000|  0%| F|  |TAMS 0x0000000711a00000, 0x0000000711a00000| Untracked 
| 247|0x0000000711b00000, 0x0000000711b00000, 0x0000000711c00000|  0%| F|  |TAMS 0x0000000711b00000, 0x0000000711b00000| Untracked 
| 248|0x0000000711c00000, 0x0000000711c00000, 0x0000000711d00000|  0%| F|  |TAMS 0x0000000711c00000, 0x0000000711c00000| Untracked 
| 249|0x0000000711d00000, 0x0000000711d00000, 0x0000000711e00000|  0%| F|  |TAMS 0x0000000711d00000, 0x0000000711d00000| Untracked 
| 250|0x0000000711e00000, 0x0000000711e00000, 0x0000000711f00000|  0%| F|  |TAMS 0x0000000711e00000, 0x0000000711e00000| Untracked 
| 251|0x0000000711f00000, 0x0000000711f00000, 0x0000000712000000|  0%| F|  |TAMS 0x0000000711f00000, 0x0000000711f00000| Untracked 
| 252|0x0000000712000000, 0x0000000712000000, 0x0000000712100000|  0%| F|  |TAMS 0x0000000712000000, 0x0000000712000000| Untracked 
| 253|0x0000000712100000, 0x0000000712100000, 0x0000000712200000|  0%| F|  |TAMS 0x0000000712100000, 0x0000000712100000| Untracked 

Card table byte_map: [0x000002ca56f10000,0x000002ca57700000] _byte_map_base: 0x000002ca536fe000

Marking Bits (Prev, Next): (CMBitMap*) 0x000002ca41a123b8, (CMBitMap*) 0x000002ca41a123f0
 Prev Bits: [0x000002ca57ef0000, 0x000002ca5be60000)
 Next Bits: [0x000002ca5be60000, 0x000002ca5fdd0000)

Polling page: 0x000002ca46c80000

Metaspace:

Usage:
  Non-class:     51.65 MB capacity,    51.19 MB (>99%) used,   377.05 KB ( <1%) free+waste,   101.94 KB ( <1%) overhead. 
      Class:      7.11 MB capacity,     6.76 MB ( 95%) used,   316.47 KB (  4%) free+waste,    46.50 KB ( <1%) overhead. 
       Both:     58.77 MB capacity,    57.95 MB ( 99%) used,   693.52 KB (  1%) free+waste,   148.44 KB ( <1%) overhead. 

Virtual space:
  Non-class space:       52.00 MB reserved,      51.76 MB (>99%) committed 
      Class space:        1.00 GB reserved,       7.13 MB ( <1%) committed 
             Both:        1.05 GB reserved,      58.88 MB (  5%) committed 

Chunk freelists:
   Non-Class:  50.00 KB
       Class:  11.00 KB
        Both:  61.00 KB

MaxMetaspaceSize: 17179869184.00 GB
CompressedClassSpaceSize: 1.00 GB
Initial GC threshold: 20.80 MB
Current GC threshold: 58.88 MB
CDS: off

CodeHeap 'non-profiled nmethods': size=120000Kb used=2705Kb max_used=2705Kb free=117294Kb
 bounds [0x000002ca4e770000, 0x000002ca4ea20000, 0x000002ca55ca0000]
CodeHeap 'profiled nmethods': size=120000Kb used=11546Kb max_used=11546Kb free=108453Kb
 bounds [0x000002ca47240000, 0x000002ca47d90000, 0x000002ca4e770000]
CodeHeap 'non-nmethods': size=5760Kb used=1294Kb max_used=1365Kb free=4465Kb
 bounds [0x000002ca46ca0000, 0x000002ca46f10000, 0x000002ca47240000]
 total_blobs=6160 nmethods=5575 adapters=497
 compilation: enabled
              stopped_count=0, restarted_count=0
 full_count=0

Compilation events (20 events):
Event: 4.424 Thread 0x000002ca6321f000 5689       2       kotlin.jvm.internal.ArrayIteratorKt::iterator (18 bytes)
Event: 4.425 Thread 0x000002ca6321f000 nmethod 5689 0x000002ca47d85190 code [0x000002ca47d853c0, 0x000002ca47d858d8]
Event: 4.425 Thread 0x000002ca6321f000 5690       2       kotlin.jvm.internal.ArrayIterator::<init> (16 bytes)
Event: 4.425 Thread 0x000002ca6321f000 nmethod 5690 0x000002ca47d85c10 code [0x000002ca47d85e00, 0x000002ca47d86118]
Event: 4.425 Thread 0x000002ca6321f000 5692       1       org.jetbrains.kotlin.types.TypeConstructorSubstitution$Companion$createByConstructorsMap$1::approximateCapturedTypes (5 bytes)
Event: 4.425 Thread 0x000002ca6321f000 nmethod 5692 0x000002ca4ea11210 code [0x000002ca4ea113c0, 0x000002ca4ea11478]
Event: 4.425 Thread 0x000002ca6321f000 5693       1       org.jetbrains.kotlin.types.TypeSubstitution::approximateContravariantCapturedTypes (2 bytes)
Event: 4.425 Thread 0x000002ca6321f000 nmethod 5693 0x000002ca4ea11510 code [0x000002ca4ea116c0, 0x000002ca4ea11778]
Event: 4.425 Thread 0x000002ca6321f000 5691       1       org.jetbrains.kotlin.load.java.typeEnhancement.JavaTypeEnhancement$SimpleResult::getType (5 bytes)
Event: 4.425 Thread 0x000002ca6321f000 nmethod 5691 0x000002ca4ea11810 code [0x000002ca4ea119c0, 0x000002ca4ea11a78]
Event: 4.425 Thread 0x000002ca6321f000 5694       1       org.jetbrains.kotlin.load.java.structure.impl.classFiles.BinaryJavaValueParameter::getName (5 bytes)
Event: 4.425 Thread 0x000002ca6321f000 nmethod 5694 0x000002ca4ea11b10 code [0x000002ca4ea11cc0, 0x000002ca4ea11d78]
Event: 4.426 Thread 0x000002ca6321f000 5695       2       org.jetbrains.kotlin.serialization.deserialization.descriptors.DeserializedClassDescriptor$DeserializedClassTypeConstructor::getParameters (13 bytes)
Event: 4.426 Thread 0x000002ca6321f000 nmethod 5695 0x000002ca47d86310 code [0x000002ca47d864c0, 0x000002ca47d86648]
Event: 4.426 Thread 0x000002ca6321f000 5696       2       org.jetbrains.kotlin.serialization.deserialization.descriptors.DeserializedClassDescriptor::getTypeConstructor (8 bytes)
Event: 4.426 Thread 0x000002ca6321f000 nmethod 5696 0x000002ca47d86710 code [0x000002ca47d868c0, 0x000002ca47d869b8]
Event: 4.428 Thread 0x000002ca6321e000 nmethod 5599 0x000002ca4ea11e10 code [0x000002ca4ea120a0, 0x000002ca4ea13438]
Event: 4.428 Thread 0x000002ca6321e000 5668       4       java.lang.String::<init> (74 bytes)
Event: 4.433 Thread 0x000002ca6321e000 nmethod 5668 0x000002ca4ea13c90 code [0x000002ca4ea13e40, 0x000002ca4ea14418]
Event: 4.433 Thread 0x000002ca6321e000 5663 %     4       jdk.internal.jimage.ImageStringsReader::charsFromByteBufferLength @ 2 (47 bytes)

GC Heap History (13 events):
Event: 0.457 GC heap before
{Heap before GC invocations=0 (full 0):
 garbage-first heap   total 260096K, used 28672K [0x0000000702400000, 0x0000000800000000)
  region size 1024K, 24 young (24576K), 0 survivors (0K)
 Metaspace       used 12083K, capacity 12280K, committed 12544K, reserved 1060864K
  class space    used 1116K, capacity 1175K, committed 1280K, reserved 1048576K
}
Event: 0.460 GC heap after
{Heap after GC invocations=1 (full 0):
 garbage-first heap   total 260096K, used 6668K [0x0000000702400000, 0x0000000800000000)
  region size 1024K, 3 young (3072K), 3 survivors (3072K)
 Metaspace       used 12083K, capacity 12280K, committed 12544K, reserved 1060864K
  class space    used 1116K, capacity 1175K, committed 1280K, reserved 1048576K
}
Event: 1.039 GC heap before
{Heap before GC invocations=1 (full 0):
 garbage-first heap   total 260096K, used 45580K [0x0000000702400000, 0x0000000800000000)
  region size 1024K, 42 young (43008K), 3 survivors (3072K)
 Metaspace       used 20875K, capacity 21164K, committed 21296K, reserved 1069056K
  class space    used 2253K, capacity 2377K, committed 2432K, reserved 1048576K
}
Event: 1.045 GC heap after
{Heap after GC invocations=2 (full 0):
 garbage-first heap   total 260096K, used 10645K [0x0000000702400000, 0x0000000800000000)
  region size 1024K, 7 young (7168K), 7 survivors (7168K)
 Metaspace       used 20875K, capacity 21164K, committed 21296K, reserved 1069056K
  class space    used 2253K, capacity 2377K, committed 2432K, reserved 1048576K
}
Event: 1.758 GC heap before
{Heap before GC invocations=3 (full 0):
 garbage-first heap   total 260096K, used 71061K [0x0000000702400000, 0x0000000800000000)
  region size 1024K, 60 young (61440K), 7 survivors (7168K)
 Metaspace       used 32019K, capacity 32542K, committed 32944K, reserved 1079296K
  class space    used 3790K, capacity 4016K, committed 4096K, reserved 1048576K
}
Event: 1.768 GC heap after
{Heap after GC invocations=4 (full 0):
 garbage-first heap   total 260096K, used 23933K [0x0000000702400000, 0x0000000800000000)
  region size 1024K, 8 young (8192K), 8 survivors (8192K)
 Metaspace       used 32019K, capacity 32542K, committed 32944K, reserved 1079296K
  class space    used 3790K, capacity 4016K, committed 4096K, reserved 1048576K
}
Event: 1.941 GC heap before
{Heap before GC invocations=4 (full 0):
 garbage-first heap   total 260096K, used 36221K [0x0000000702400000, 0x0000000800000000)
  region size 1024K, 20 young (20480K), 8 survivors (8192K)
 Metaspace       used 32915K, capacity 33450K, committed 33712K, reserved 1079296K
  class space    used 3873K, capacity 4082K, committed 4096K, reserved 1048576K
}
Event: 1.948 GC heap after
{Heap after GC invocations=5 (full 0):
 garbage-first heap   total 260096K, used 25982K [0x0000000702400000, 0x0000000800000000)
  region size 1024K, 2 young (2048K), 2 survivors (2048K)
 Metaspace       used 32915K, capacity 33450K, committed 33712K, reserved 1079296K
  class space    used 3873K, capacity 4082K, committed 4096K, reserved 1048576K
}
Event: 2.097 GC heap before
{Heap before GC invocations=5 (full 0):
 garbage-first heap   total 260096K, used 34174K [0x0000000702400000, 0x0000000800000000)
  region size 1024K, 11 young (11264K), 2 survivors (2048K)
 Metaspace       used 35207K, capacity 35696K, committed 35920K, reserved 1081344K
  class space    used 4326K, capacity 4532K, committed 4608K, reserved 1048576K
}
Event: 2.099 GC heap after
{Heap after GC invocations=6 (full 0):
 garbage-first heap   total 260096K, used 26031K [0x0000000702400000, 0x0000000800000000)
  region size 1024K, 2 young (2048K), 2 survivors (2048K)
 Metaspace       used 35207K, capacity 35696K, committed 35920K, reserved 1081344K
  class space    used 4326K, capacity 4532K, committed 4608K, reserved 1048576K
}
Event: 3.370 GC heap before
{Heap before GC invocations=7 (full 0):
 garbage-first heap   total 260096K, used 108975K [0x0000000702400000, 0x0000000800000000)
  region size 1024K, 81 young (82944K), 2 survivors (2048K)
 Metaspace       used 50916K, capacity 51655K, committed 51920K, reserved 1095680K
  class space    used 5917K, capacity 6195K, committed 6272K, reserved 1048576K
}
Event: 3.378 GC heap after
{Heap after GC invocations=8 (full 0):
 garbage-first heap   total 260096K, used 36004K [0x0000000702400000, 0x0000000800000000)
  region size 1024K, 11 young (11264K), 11 survivors (11264K)
 Metaspace       used 50916K, capacity 51655K, committed 51920K, reserved 1095680K
  class space    used 5917K, capacity 6195K, committed 6272K, reserved 1048576K
}
Event: 4.433 GC heap before
{Heap before GC invocations=8 (full 0):
 garbage-first heap   total 260096K, used 131236K [0x0000000702400000, 0x0000000800000000)
  region size 1024K, 104 young (106496K), 11 survivors (11264K)
 Metaspace       used 59337K, capacity 60179K, committed 60296K, reserved 1101824K
  class space    used 6922K, capacity 7285K, committed 7296K, reserved 1048576K
}

Deoptimization events (20 events):
Event: 4.248 Thread 0x000002ca419b0000 Uncommon trap: trap_request=0xffffffde fr.pc=0x000002ca4e9ae304 relative=0x0000000000000064
Event: 4.248 Thread 0x000002ca419b0000 Uncommon trap: reason=class_check action=maybe_recompile pc=0x000002ca4e9ae304 method=kotlin.collections.ReversedList.getSize()I @ 4 c2
Event: 4.248 Thread 0x000002ca419b0000 DEOPT PACKING pc=0x000002ca4e9ae304 sp=0x000000dae3bfd730
Event: 4.248 Thread 0x000002ca419b0000 DEOPT UNPACKING pc=0x000002ca46cea1af sp=0x000000dae3bfd658 mode 2
Event: 4.253 Thread 0x000002ca419b0000 Uncommon trap: trap_request=0xffffffde fr.pc=0x000002ca4e9ae304 relative=0x0000000000000064
Event: 4.253 Thread 0x000002ca419b0000 Uncommon trap: reason=class_check action=maybe_recompile pc=0x000002ca4e9ae304 method=kotlin.collections.ReversedList.getSize()I @ 4 c2
Event: 4.253 Thread 0x000002ca419b0000 DEOPT PACKING pc=0x000002ca4e9ae304 sp=0x000000dae3bfd730
Event: 4.253 Thread 0x000002ca419b0000 DEOPT UNPACKING pc=0x000002ca46cea1af sp=0x000000dae3bfd658 mode 2
Event: 4.254 Thread 0x000002ca419b0000 Uncommon trap: trap_request=0xffffffde fr.pc=0x000002ca4e9ae304 relative=0x0000000000000064
Event: 4.254 Thread 0x000002ca419b0000 Uncommon trap: reason=class_check action=maybe_recompile pc=0x000002ca4e9ae304 method=kotlin.collections.ReversedList.getSize()I @ 4 c2
Event: 4.254 Thread 0x000002ca419b0000 DEOPT PACKING pc=0x000002ca4e9ae304 sp=0x000000dae3bfd730
Event: 4.254 Thread 0x000002ca419b0000 DEOPT UNPACKING pc=0x000002ca46cea1af sp=0x000000dae3bfd658 mode 2
Event: 4.262 Thread 0x000002ca419b0000 Uncommon trap: trap_request=0xffffff4d fr.pc=0x000002ca4e9e8470 relative=0x0000000000000390
Event: 4.262 Thread 0x000002ca419b0000 Uncommon trap: reason=unstable_if action=reinterpret pc=0x000002ca4e9e8470 method=gnu.trove.TObjectHash.insertionIndex(Ljava/lang/Object;)I @ 167 c2
Event: 4.262 Thread 0x000002ca419b0000 DEOPT PACKING pc=0x000002ca4e9e8470 sp=0x000000dae3bfcc70
Event: 4.262 Thread 0x000002ca419b0000 DEOPT UNPACKING pc=0x000002ca46cea1af sp=0x000000dae3bfcbf0 mode 2
Event: 4.382 Thread 0x000002ca419b0000 DEOPT PACKING pc=0x000002ca47ab3a5d sp=0x000000dae3bfab90
Event: 4.382 Thread 0x000002ca419b0000 DEOPT UNPACKING pc=0x000002ca46cea95e sp=0x000000dae3bfa110 mode 0
Event: 4.383 Thread 0x000002ca419b0000 DEOPT PACKING pc=0x000002ca4789467f sp=0x000000dae3bfd0e0
Event: 4.383 Thread 0x000002ca419b0000 DEOPT UNPACKING pc=0x000002ca46cea95e sp=0x000000dae3bfc530 mode 0

Classes redefined (0 events):
No events

Internal exceptions (20 events):
Event: 1.317 Thread 0x000002ca419b0000 Exception <a 'java/lang/NoSuchMethodError'{0x00000007110fdff8}: 'java.lang.Object java.lang.invoke.DirectMethodHandle$Holder.invokeSpecial(java.lang.Object, java.lang.Object, int, int, java.lang.Object, java.lang.Object, java.lang.Object)'> (0x00000007110fdff8) thrown at [./src/hotspot/share/interpreter/linkResolver.cpp, line 773]
Event: 1.318 Thread 0x000002ca419b0000 Exception <a 'java/lang/NoSuchMethodError'{0x0000000710f01eb8}: 'java.lang.Object java.lang.invoke.DelegatingMethodHandle$Holder.reinvoke_L(java.lang.Object, int, int, java.lang.Object, java.lang.Object, java.lang.Object)'> (0x0000000710f01eb8) thrown at [./src/hotspot/share/interpreter/linkResolver.cpp, line 773]
Event: 1.318 Thread 0x000002ca419b0000 Exception <a 'java/lang/NoSuchMethodError'{0x0000000710f06240}: 'java.lang.Object java.lang.invoke.DirectMethodHandle$Holder.invokeStatic(java.lang.Object, java.lang.Object, java.lang.Object, java.lang.Object, int)'> (0x0000000710f06240) thrown at [./src/hotspot/share/interpreter/linkResolver.cpp, line 773]
Event: 1.350 Thread 0x000002ca419b0000 Exception <a 'java/lang/NoSuchMethodError'{0x0000000710e2c720}: 'void java.lang.invoke.DirectMethodHandle$Holder.invokeStatic(java.lang.Object, java.lang.Object, java.lang.Object, java.lang.Object)'> (0x0000000710e2c720) thrown at [./src/hotspot/share/interpreter/linkResolver.cpp, line 773]
Event: 1.393 Thread 0x000002ca419b0000 Exception <a 'java/lang/NoSuchMethodError'{0x0000000710a04bf8}: 'void java.lang.invoke.DirectMethodHandle$Holder.invokeStaticInit(java.lang.Object, java.lang.Object)'> (0x0000000710a04bf8) thrown at [./src/hotspot/share/interpreter/linkResolver.cpp, line 773]
Event: 1.452 Thread 0x000002ca419b0000 Exception <a 'java/lang/NoSuchMethodError'{0x00000007106abd60}: 'void java.lang.invoke.DirectMethodHandle$Holder.invokeVirtual(java.lang.Object, java.lang.Object)'> (0x00000007106abd60) thrown at [./src/hotspot/share/interpreter/linkResolver.cpp, line 773]
Event: 1.456 Thread 0x000002ca419b0000 Exception <a 'java/lang/NoSuchMethodError'{0x00000007106fdee0}: 'int java.lang.invoke.DirectMethodHandle$Holder.invokeVirtual(java.lang.Object, java.lang.Object)'> (0x00000007106fdee0) thrown at [./src/hotspot/share/interpreter/linkResolver.cpp, line 773]
Event: 2.259 Thread 0x000002ca419b0000 Exception <a 'java/lang/NoSuchMethodError'{0x0000000711598488}: 'java.lang.Object java.lang.invoke.DirectMethodHandle$Holder.invokeVirtual(java.lang.Object, java.lang.Object, java.lang.Object)'> (0x0000000711598488) thrown at [./src/hotspot/share/interpreter/linkResolver.cpp, line 773]
Event: 2.826 Thread 0x000002ca419b0000 Exception <a 'java/lang/NoSuchMethodError'{0x000000070ebb54f0}: 'java.lang.Object java.lang.invoke.Invokers$Holder.linkToTargetMethod(java.lang.Object, int, java.lang.Object)'> (0x000000070ebb54f0) thrown at [./src/hotspot/share/interpreter/linkResolver.cpp, line 773]
Event: 2.884 Thread 0x000002ca419b0000 Implicit null exception at 0x000002ca4e91260f to 0x000002ca4e912d98
Event: 3.121 Thread 0x000002ca419b0000 Exception <a 'java/lang/NoSuchMethodError'{0x000000070de652b0}: 'java.lang.Object java.lang.invoke.DirectMethodHandle$Holder.invokeStatic(java.lang.Object, java.lang.Object, java.lang.Object, int)'> (0x000000070de652b0) thrown at [./src/hotspot/share/interpreter/linkResolver.cpp, line 773]
Event: 3.121 Thread 0x000002ca419b0000 Exception <a 'java/lang/NoSuchMethodError'{0x000000070de68f20}: 'java.lang.Object java.lang.invoke.DirectMethodHandle$Holder.invokeSpecial(java.lang.Object, java.lang.Object, java.lang.Object, java.lang.Object, int)'> (0x000000070de68f20) thrown at [./src/hotspot/share/interpreter/linkResolver.cpp, line 773]
Event: 3.121 Thread 0x000002ca419b0000 Exception <a 'java/lang/NoSuchMethodError'{0x000000070de6c230}: 'java.lang.Object java.lang.invoke.Invokers$Holder.linkToTargetMethod(java.lang.Object, java.lang.Object, int, java.lang.Object)'> (0x000000070de6c230) thrown at [./src/hotspot/share/interpreter/linkResolver.cpp, line 773]
Event: 3.267 Thread 0x000002ca419b0000 Implicit null exception at 0x000002ca4e905a70 to 0x000002ca4e905b3c
Event: 3.949 Thread 0x000002ca419b0000 Exception <a 'java/lang/NoSuchMethodError'{0x000000070e4864e0}: 'int java.lang.invoke.DirectMethodHandle$Holder.invokeVirtual(java.lang.Object, java.lang.Object, java.lang.Object)'> (0x000000070e4864e0) thrown at [./src/hotspot/share/interpreter/linkResolver.cpp, line 773]
Event: 3.953 Thread 0x000002ca419b0000 Exception <a 'java/lang/NoSuchMethodError'{0x000000070e4b0ad0}: 'java.lang.Object java.lang.invoke.DirectMethodHandle$Holder.invokeStaticInit(java.lang.Object, java.lang.Object, java.lang.Object)'> (0x000000070e4b0ad0) thrown at [./src/hotspot/share/interpreter/linkResolver.cpp, line 773]
Event: 4.036 Thread 0x000002ca419b0000 Exception <a 'java/lang/NoSuchMethodError'{0x000000070de12560}: 'java.lang.Object java.lang.invoke.DirectMethodHandle$Holder.invokeSpecial(java.lang.Object, java.lang.Object, java.lang.Object, java.lang.Object, java.lang.Object, int)'> (0x000000070de12560) thrown at [./src/hotspot/share/interpreter/linkResolver.cpp, line 773]
Event: 4.036 Thread 0x000002ca419b0000 Exception <a 'java/lang/NoSuchMethodError'{0x000000070de15e58}: 'java.lang.Object java.lang.invoke.Invokers$Holder.linkToTargetMethod(java.lang.Object, java.lang.Object, java.lang.Object, int, java.lang.Object)'> (0x000000070de15e58) thrown at [./src/hotspot/share/interpreter/linkResolver.cpp, line 773]
Event: 4.079 Thread 0x000002ca419b0000 Exception <a 'java/lang/NoSuchMethodError'{0x000000070ddfbd20}: 'void java.lang.invoke.DirectMethodHandle$Holder.invokeInterface(java.lang.Object, java.lang.Object)'> (0x000000070ddfbd20) thrown at [./src/hotspot/share/interpreter/linkResolver.cpp, line 773]
Event: 4.129 Thread 0x000002ca419b0000 Exception <a 'java/lang/IncompatibleClassChangeError'{0x000000070dbf2c18}: Found class java.lang.Object, but interface was expected> (0x000000070dbf2c18) thrown at [./src/hotspot/share/interpreter/linkResolver.cpp, line 839]

Events (20 events):
Event: 4.426 loading class org/jetbrains/kotlin/codegen/OwnerKind$Companion done
Event: 4.426 loading class org/jetbrains/kotlin/resolve/FunctionImportedFromObject
Event: 4.426 loading class org/jetbrains/kotlin/resolve/FunctionImportedFromObject done
Event: 4.427 loading class org/jetbrains/kotlin/resolve/ImportedFromObjectCallableDescriptor
Event: 4.427 loading class org/jetbrains/kotlin/resolve/ImportedFromObjectCallableDescriptor done
Event: 4.427 loading class org/jetbrains/kotlin/codegen/coroutines/CoroutineCodegenUtilKt
Event: 4.427 loading class org/jetbrains/kotlin/codegen/coroutines/CoroutineCodegenUtilKt done
Event: 4.429 loading class org/jetbrains/kotlin/codegen/CodegenUtilKt
Event: 4.429 loading class org/jetbrains/kotlin/codegen/CodegenUtilKt done
Event: 4.431 loading class org/jetbrains/kotlin/codegen/coroutines/CoroutineCodegenUtilKt$INITIAL_DESCRIPTOR_FOR_SUSPEND_FUNCTION$1
Event: 4.431 loading class org/jetbrains/kotlin/codegen/coroutines/CoroutineCodegenUtilKt$INITIAL_DESCRIPTOR_FOR_SUSPEND_FUNCTION$1 done
Event: 4.431 loading class org/jetbrains/kotlin/codegen/coroutines/CoroutineCodegenUtilKt$INITIAL_SUSPEND_DESCRIPTOR_FOR_INVOKE_SUSPEND$1
Event: 4.431 loading class org/jetbrains/kotlin/codegen/coroutines/CoroutineCodegenUtilKt$INITIAL_SUSPEND_DESCRIPTOR_FOR_INVOKE_SUSPEND$1 done
Event: 4.432 loading class org/jetbrains/kotlin/codegen/JvmCodegenUtil
Event: 4.432 loading class org/jetbrains/kotlin/codegen/JvmCodegenUtil done
Event: 4.433 loading class org/jetbrains/kotlin/builtins/functions/FunctionInvokeDescriptor
Event: 4.433 loading class org/jetbrains/kotlin/builtins/functions/FunctionInvokeDescriptor done
Event: 4.433 loading class org/jetbrains/kotlin/codegen/state/KotlinTypeMapper$mapSignature$1
Event: 4.433 loading class org/jetbrains/kotlin/codegen/state/KotlinTypeMapper$mapSignature$1 done
Event: 4.433 Executing VM operation: CollectForMetadataAllocation


Dynamic libraries:
0x00007ff7f7720000 - 0x00007ff7f772a000 	C:\Program Files\Android\Android Studio\jre\bin\java.exe
0x00007ff8f7a20000 - 0x00007ff8f7c27000 	C:\WINDOWS\SYSTEM32\ntdll.dll
0x00007ff8f70a0000 - 0x00007ff8f715d000 	C:\WINDOWS\System32\KERNEL32.DLL
0x00007ff8f4f40000 - 0x00007ff8f52b2000 	C:\WINDOWS\System32\KERNELBASE.dll
0x00007ff8f5520000 - 0x00007ff8f5631000 	C:\WINDOWS\System32\ucrtbase.dll
0x00007ff8b8960000 - 0x00007ff8b8979000 	C:\Program Files\Android\Android Studio\jre\bin\jli.dll
0x00007ff8b8890000 - 0x00007ff8b88a7000 	C:\Program Files\Android\Android Studio\jre\bin\VCRUNTIME140.dll
0x00007ff8f6d60000 - 0x00007ff8f6f0c000 	C:\WINDOWS\System32\USER32.dll
0x00007ff8f5430000 - 0x00007ff8f5456000 	C:\WINDOWS\System32\win32u.dll
0x00007ff8e08a0000 - 0x00007ff8e0b45000 	C:\WINDOWS\WinSxS\amd64_microsoft.windows.common-controls_6595b64144ccf1df_6.0.21996.1_none_7d6b053978bcd706\COMCTL32.dll
0x00007ff8f6010000 - 0x00007ff8f6039000 	C:\WINDOWS\System32\GDI32.dll
0x00007ff8f5f50000 - 0x00007ff8f5ff3000 	C:\WINDOWS\System32\msvcrt.dll
0x00007ff8f5750000 - 0x00007ff8f5862000 	C:\WINDOWS\System32\gdi32full.dll
0x00007ff8f56b0000 - 0x00007ff8f574d000 	C:\WINDOWS\System32\msvcp_win.dll
0x00007ff8f5f10000 - 0x00007ff8f5f41000 	C:\WINDOWS\System32\IMM32.DLL
0x00007ff8a4550000 - 0x00007ff8a45ed000 	C:\Program Files\Android\Android Studio\jre\bin\msvcp140.dll
0x00007ff887d50000 - 0x00007ff888852000 	C:\Program Files\Android\Android Studio\jre\bin\server\jvm.dll
0x00007ff8f7930000 - 0x00007ff8f79dc000 	C:\WINDOWS\System32\ADVAPI32.dll
0x00007ff8f6900000 - 0x00007ff8f699d000 	C:\WINDOWS\System32\sechost.dll
0x00007ff8f7600000 - 0x00007ff8f7721000 	C:\WINDOWS\System32\RPCRT4.dll
0x00007ff8f7540000 - 0x00007ff8f7548000 	C:\WINDOWS\System32\PSAPI.DLL
0x00007ff8f1890000 - 0x00007ff8f1899000 	C:\WINDOWS\SYSTEM32\WSOCK32.dll
0x00007ff8ee4b0000 - 0x00007ff8ee4e3000 	C:\WINDOWS\SYSTEM32\WINMM.dll
0x00007ff8ef0d0000 - 0x00007ff8ef0da000 	C:\WINDOWS\SYSTEM32\VERSION.dll
0x00007ff8f78c0000 - 0x00007ff8f792f000 	C:\WINDOWS\System32\WS2_32.dll
0x00007ff8f40f0000 - 0x00007ff8f4107000 	C:\WINDOWS\SYSTEM32\kernel.appcore.dll
0x00007ff8e4320000 - 0x00007ff8e4331000 	C:\Program Files\Android\Android Studio\jre\bin\verify.dll
0x00007ff8f2230000 - 0x00007ff8f2451000 	C:\WINDOWS\SYSTEM32\DBGHELP.DLL
0x00007ff8daff0000 - 0x00007ff8db021000 	C:\WINDOWS\SYSTEM32\dbgcore.DLL
0x00007ff8f5870000 - 0x00007ff8f58f0000 	C:\WINDOWS\System32\bcryptPrimitives.dll
0x00007ff8e2360000 - 0x00007ff8e2389000 	C:\Program Files\Android\Android Studio\jre\bin\java.dll
0x00007ff8e4310000 - 0x00007ff8e431b000 	C:\Program Files\Android\Android Studio\jre\bin\jimage.dll
0x00007ff8e2340000 - 0x00007ff8e2358000 	C:\Program Files\Android\Android Studio\jre\bin\zip.dll
0x00007ff8f6190000 - 0x00007ff8f68f9000 	C:\WINDOWS\System32\SHELL32.dll
0x00007ff8f3100000 - 0x00007ff8f3958000 	C:\WINDOWS\SYSTEM32\windows.storage.dll
0x00007ff8f71c0000 - 0x00007ff8f7535000 	C:\WINDOWS\System32\combase.dll
0x00007ff8f2f90000 - 0x00007ff8f30f6000 	C:\WINDOWS\SYSTEM32\wintypes.dll
0x00007ff8f69a0000 - 0x00007ff8f6a8a000 	C:\WINDOWS\System32\SHCORE.dll
0x00007ff8f7160000 - 0x00007ff8f71bd000 	C:\WINDOWS\System32\shlwapi.dll
0x00007ff8f4e70000 - 0x00007ff8f4e91000 	C:\WINDOWS\SYSTEM32\profapi.dll
0x00007ff8e2320000 - 0x00007ff8e233a000 	C:\Program Files\Android\Android Studio\jre\bin\net.dll
0x00007ff8ef8f0000 - 0x00007ff8ef9fc000 	C:\WINDOWS\SYSTEM32\WINHTTP.dll
0x00007ff8f4570000 - 0x00007ff8f45d7000 	C:\WINDOWS\system32\mswsock.dll
0x00007ff8e2210000 - 0x00007ff8e2224000 	C:\Program Files\Android\Android Studio\jre\bin\nio.dll

dbghelp: loaded successfully - version: 4.0.5 - missing functions: none
symbol engine: initialized successfully - sym options: 0x614 - pdb path: .;C:\Program Files\Android\Android Studio\jre\bin;C:\WINDOWS\SYSTEM32;C:\WINDOWS\WinSxS\amd64_microsoft.windows.common-controls_6595b64144ccf1df_6.0.21996.1_none_7d6b053978bcd706;C:\Program Files\Android\Android Studio\jre\bin\server

VM Arguments:
java_command: org.jetbrains.kotlin.cli.jvm.K2JVMCompiler @C:\Users\Asus\StudioProjects\PersonalSafetyGuard\app\build\20230619_16232056928445492847.compiler.options
java_class_path (initial): C:\Users\Asus\.gradle\caches\modules-2\files-2.1\org.jetbrains.kotlin\kotlin-compiler-embeddable\1.8.10\b0757fd774344d54ce93f5ad6c30ba1c1731c8ff\kotlin-compiler-embeddable-1.8.10.jar;C:\Users\Asus\.gradle\caches\modules-2\files-2.1\org.jetbrains.kotlin\kotlin-stdlib\1.8.10\6d5560a229477df9406943d5feda5618e98eb64c\kotlin-stdlib-1.8.10.jar;C:\Users\Asus\.gradle\caches\modules-2\files-2.1\org.jetbrains.kotlin\kotlin-script-runtime\1.8.10\b13ea9c7e46d589139e56086a878763290e20bd5\kotlin-script-runtime-1.8.10.jar;C:\Users\Asus\.gradle\caches\modules-2\files-2.1\org.jetbrains.kotlin\kotlin-reflect\1.6.10\1cbe9c92c12a94eea200d23c2bbaedaf3daf5132\kotlin-reflect-1.6.10.jar;C:\Users\Asus\.gradle\caches\modules-2\files-2.1\org.jetbrains.kotlin\kotlin-daemon-embeddable\1.8.10\ad8541d9bc1cf9e52c3204161247910c2cf601d4\kotlin-daemon-embeddable-1.8.10.jar;C:\Users\Asus\.gradle\caches\modules-2\files-2.1\org.jetbrains.intellij.deps\trove4j\1.0.20200330\3afb14d5f9ceb459d724e907a21145e8ff394f02\trove4j-1.0.20200330.jar;C:\Users\Asus\.gradle\caches\modules-2\files-2.1\net.java.dev.jna\jna\5.6.0\330f2244e9030119ab3030fc3fededc86713d9cc\jna-5.6.0.jar;C:\Users\Asus\.gradle\caches\modules-2\files-2.1\org.jetbrains.kotlin\kotlin-stdlib-common\1.8.10\a61b182458550492c12aee66157d7b524a63a5ec\kotlin-stdlib-common-1.8.10.jar;C:\Users\Asus\.gradle\caches\modules-2\files-2.1\org.jetbrains\annotations\13.0\919f0dfe192fb4e063e7dacadee7f8bb9a2672a9\annotations-13.0.jar
Launcher Type: SUN_STANDARD

[Global flags]
     intx CICompilerCount                          = 4                                         {product} {ergonomic}
     uint ConcGCThreads                            = 2                                         {product} {ergonomic}
     uint G1ConcRefinementThreads                  = 8                                         {product} {ergonomic}
   size_t G1HeapRegionSize                         = 1048576                                   {product} {ergonomic}
    uintx GCDrainStackTargetSize                   = 64                                        {product} {ergonomic}
   size_t InitialHeapSize                          = 266338304                                 {product} {ergonomic}
   size_t MarkStackSize                            = 4194304                                   {product} {ergonomic}
   size_t MaxHeapSize                              = 4257218560                                {product} {ergonomic}
   size_t MaxNewSize                               = 2554331136                                {product} {ergonomic}
   size_t MinHeapDeltaBytes                        = 1048576                                   {product} {ergonomic}
    uintx NonNMethodCodeHeapSize                   = 5836300                                {pd product} {ergonomic}
    uintx NonProfiledCodeHeapSize                  = 122910970                              {pd product} {ergonomic}
    uintx ProfiledCodeHeapSize                     = 122910970                              {pd product} {ergonomic}
    uintx ReservedCodeCacheSize                    = 251658240                              {pd product} {ergonomic}
     bool SegmentedCodeCache                       = true                                      {product} {ergonomic}
     bool UseCompressedClassPointers               = true                                 {lp64_product} {ergonomic}
     bool UseCompressedOops                        = true                                 {lp64_product} {ergonomic}
     bool UseG1GC                                  = true                                      {product} {ergonomic}
     bool UseLargePagesIndividualAllocation        = false                                  {pd product} {ergonomic}

Logging:
Log output configuration:
 #0: stdout all=warning uptime,level,tags
 #1: stderr all=off uptime,level,tags

Environment Variables:
JAVA_HOME=C:\Program Files\Zulu\zulu-8\
PATH=C:\Program Files\Zulu\zulu-8\bin\;C:\Program Files (x86)\Common Files\Oracle\Java\javapath;C:\WINDOWS\system32;C:\WINDOWS;C:\WINDOWS\System32\Wbem;C:\WINDOWS\System32\WindowsPowerShell\v1.0\;C:\WINDOWS\System32\OpenSSH\;C:\Program Files (x86)\NVIDIA Corporation\PhysX\Common;C:\Program Files\dotnet\;C:\Program Files\Microsoft SQL Server\130\Tools\Binn\;C:\Program Files\Microsoft SQL Server\Client SDK\ODBC\170\Tools\Binn\;C:\Program Files (x86)\Microsoft SQL Server\100\Tools\Binn\;C:\Program Files (x86)\Microsoft SQL Server\100\DTS\Binn\;C:\Program Files (x86)\Microsoft SQL Server\100\Tools\Binn\VSShell\Common7\IDE\;C:\Program Files\Microsoft\Web Platform Installer\;C:\Program Files (x86)\Microsoft ASP.NET\ASP.NET Web Pages\v1.0\;C:\Program Files\Microsoft SQL Server\110\Tools\Binn\;C:\Program Files\NVIDIA Corporation\NVIDIA NvDLISR;C:\Program Files\Git\cmd;C:\src\flutter\bin;C:\Users\Asus\AppData\Local\Programs\Python\Python39\Scripts;C:\Users\Asus\AppData\Roaming\nvm;C:\Program Files\nodejs;C:\Program Files\Java\jdk1.8.0_202\bin;C:\gradle\gradle-8.1.1\bin;C:\xampp\php;C:\composer;C:\Program Files (x86)\Common Files\Oracle\Java\javapath;C:\WINDOWS\system32;C:\WINDOWS;C:\WINDOWS\System32\Wbem;C:\WINDOWS\System32\WindowsPowerShell\v1.0\;C:\WINDOWS\System32\OpenSSH\;C:\Program Files (x86)\NVIDIA Corporation\PhysX\Common;C:\Program Files\dotnet\;C:\Program Files\Microsoft SQL Server\130\Tools\Binn\;C:\Program Files\Microsoft SQL Server\Client SDK\ODBC\170\Tools\Binn\;C:\Program Files (x86)\Microsoft SQL Server\100\Tools\Binn\;C:\Program Files (x86)\Microsoft SQL Server\100\DTS\Binn\;C:\Program Files (x86)\Microsoft SQL Server\100\Tools\Binn\VSShell\Common7\IDE\;C:\Program Files\Microsoft\Web Platform Installer\;C:\Program Files (x86)\Microsoft ASP.NET\ASP.NET Web Pages\v1.0\;C:\Program Files\Microsoft SQL Server\110\Tools\Binn\;C:\Program Files\NVIDIA Corporation\NVIDIA NvDLISR;C:\Program Files\Git\cmd;C:\src\flutter\bin;D:\xampp\php;C:\Users\Asus\AppData\Local\Program
USERNAME=Asus
OS=Windows_NT
PROCESSOR_IDENTIFIER=Intel64 Family 6 Model 158 Stepping 10, GenuineIntel



---------------  S Y S T E M  ---------------

OS: Windows 10 , 64 bit Build 21996 (10.0.21996.1)
OS uptime: 2 days 4:05 hours

CPU:total 8 (initial active 8) (4 cores per cpu, 2 threads per core) family 6 model 158 stepping 10 microcode 0xde, cmov, cx8, fxsr, mmx, sse, sse2, sse3, ssse3, sse4.1, sse4.2, popcnt, avx, avx2, aes, clmul, erms, 3dnowpref, lzcnt, ht, tsc, tscinvbit, bmi1, bmi2, adx, fma

Memory: 4k page, system-wide physical 16236M (1512M free)
TotalPageFile size 18284M (AvailPageFile size 39M)
current process WorkingSet (physical memory assigned to process): 340M, peak: 342M
current process commit charge ("private bytes"): 479M, peak: 532M

vm_info: OpenJDK 64-Bit Server VM (11.0.13+0-b1751.21-8125866) for windows-amd64 JRE (11.0.13+0-b1751.21-8125866), built on Feb  2 2022 03:00:22 by "builder" with MS VC++ 14.0 (VS2015)

END.
